                                 Started job on |	Jun 21 13:55:35
                             Started mapping on |	Jun 21 13:56:01
                                    Finished on |	Jun 21 13:56:36
       Mapping speed, Million of reads per hour |	211.07

                          Number of input reads |	2052039
                      Average input read length |	88
                                    UNIQUE READS:
                   Uniquely mapped reads number |	1198376
                        Uniquely mapped reads % |	58.40%
                          Average mapped length |	86.76
                       Number of splices: Total |	50801
            Number of splices: Annotated (sjdb) |	0
                       Number of splices: GT/AG |	50281
                       Number of splices: GC/AG |	436
                       Number of splices: AT/AC |	84
               Number of splices: Non-canonical |	0
                      Mismatch rate per base, % |	2.35%
                         Deletion rate per base |	0.15%
                        Deletion average length |	2.38
                        Insertion rate per base |	0.13%
                       Insertion average length |	2.22
                             MULTI-MAPPING READS:
        Number of reads mapped to multiple loci |	363829
             % of reads mapped to multiple loci |	17.73%
        Number of reads mapped to too many loci |	169741
             % of reads mapped to too many loci |	8.27%
                                  UNMAPPED READS:
  Number of reads unmapped: too many mismatches |	0
       % of reads unmapped: too many mismatches |	0.00%
            Number of reads unmapped: too short |	319538
                 % of reads unmapped: too short |	15.57%
                Number of reads unmapped: other |	555
                     % of reads unmapped: other |	0.03%
                                  CHIMERIC READS:
                       Number of chimeric reads |	0
                            % of chimeric reads |	0.00%
