                                 Started job on |	Aug 29 17:43:14
                             Started mapping on |	Aug 29 17:43:32
                                    Finished on |	Aug 29 17:43:59
       Mapping speed, Million of reads per hour |	348.82

                          Number of input reads |	2616170
                      Average input read length |	117
                                    UNIQUE READS:
                   Uniquely mapped reads number |	1634313
                        Uniquely mapped reads % |	62.47%
                          Average mapped length |	114.11
                       Number of splices: Total |	145829
            Number of splices: Annotated (sjdb) |	126672
                       Number of splices: GT/AG |	143818
                       Number of splices: GC/AG |	1616
                       Number of splices: AT/AC |	144
               Number of splices: Non-canonical |	251
                      Mismatch rate per base, % |	2.66%
                         Deletion rate per base |	0.29%
                        Deletion average length |	2.85
                        Insertion rate per base |	0.25%
                       Insertion average length |	2.55
                             MULTI-MAPPING READS:
        Number of reads mapped to multiple loci |	494979
             % of reads mapped to multiple loci |	18.92%
        Number of reads mapped to too many loci |	22328
             % of reads mapped to too many loci |	0.85%
                                  UNMAPPED READS:
       % of reads unmapped: too many mismatches |	0.00%
                 % of reads unmapped: too short |	17.74%
                     % of reads unmapped: other |	0.02%
                                  CHIMERIC READS:
                       Number of chimeric reads |	0
                            % of chimeric reads |	0.00%
