                                 Started job on |	Jun 21 14:08:48
                             Started mapping on |	Jun 21 14:09:13
                                    Finished on |	Jun 21 14:10:08
       Mapping speed, Million of reads per hour |	171.24

                          Number of input reads |	2616170
                      Average input read length |	117
                                    UNIQUE READS:
                   Uniquely mapped reads number |	1635600
                        Uniquely mapped reads % |	62.52%
                          Average mapped length |	113.95
                       Number of splices: Total |	117057
            Number of splices: Annotated (sjdb) |	0
                       Number of splices: GT/AG |	116271
                       Number of splices: GC/AG |	704
                       Number of splices: AT/AC |	82
               Number of splices: Non-canonical |	0
                      Mismatch rate per base, % |	2.66%
                         Deletion rate per base |	0.29%
                        Deletion average length |	2.83
                        Insertion rate per base |	0.24%
                       Insertion average length |	2.55
                             MULTI-MAPPING READS:
        Number of reads mapped to multiple loci |	466733
             % of reads mapped to multiple loci |	17.84%
        Number of reads mapped to too many loci |	57503
             % of reads mapped to too many loci |	2.20%
                                  UNMAPPED READS:
  Number of reads unmapped: too many mismatches |	0
       % of reads unmapped: too many mismatches |	0.00%
            Number of reads unmapped: too short |	455818
                 % of reads unmapped: too short |	17.42%
                Number of reads unmapped: other |	516
                     % of reads unmapped: other |	0.02%
                                  CHIMERIC READS:
                       Number of chimeric reads |	0
                            % of chimeric reads |	0.00%
