                                 Started job on |	Jun 21 14:22:19
                             Started mapping on |	Jun 21 14:22:51
                                    Finished on |	Jun 21 14:23:33
       Mapping speed, Million of reads per hour |	209.89

                          Number of input reads |	2448737
                      Average input read length |	116
                                    UNIQUE READS:
                   Uniquely mapped reads number |	1661967
                        Uniquely mapped reads % |	67.87%
                          Average mapped length |	113.06
                       Number of splices: Total |	97233
            Number of splices: Annotated (sjdb) |	0
                       Number of splices: GT/AG |	96205
                       Number of splices: GC/AG |	939
                       Number of splices: AT/AC |	89
               Number of splices: Non-canonical |	0
                      Mismatch rate per base, % |	1.54%
                         Deletion rate per base |	0.16%
                        Deletion average length |	2.94
                        Insertion rate per base |	0.13%
                       Insertion average length |	2.40
                             MULTI-MAPPING READS:
        Number of reads mapped to multiple loci |	457705
             % of reads mapped to multiple loci |	18.69%
        Number of reads mapped to too many loci |	5418
             % of reads mapped to too many loci |	0.22%
                                  UNMAPPED READS:
  Number of reads unmapped: too many mismatches |	0
       % of reads unmapped: too many mismatches |	0.00%
            Number of reads unmapped: too short |	319351
                 % of reads unmapped: too short |	13.04%
                Number of reads unmapped: other |	4296
                     % of reads unmapped: other |	0.18%
                                  CHIMERIC READS:
                       Number of chimeric reads |	0
                            % of chimeric reads |	0.00%
