                                 Started job on |	Jun 21 15:14:58
                             Started mapping on |	Jun 21 15:15:33
                                    Finished on |	Jun 21 15:31:52
       Mapping speed, Million of reads per hour |	103.36

                          Number of input reads |	28108389
                      Average input read length |	233
                                    UNIQUE READS:
                   Uniquely mapped reads number |	12274699
                        Uniquely mapped reads % |	43.67%
                          Average mapped length |	214.06
                       Number of splices: Total |	7045047
            Number of splices: Annotated (sjdb) |	0
                       Number of splices: GT/AG |	6992782
                       Number of splices: GC/AG |	49592
                       Number of splices: AT/AC |	2673
               Number of splices: Non-canonical |	0
                      Mismatch rate per base, % |	1.55%
                         Deletion rate per base |	0.06%
                        Deletion average length |	3.09
                        Insertion rate per base |	0.04%
                       Insertion average length |	2.69
                             MULTI-MAPPING READS:
        Number of reads mapped to multiple loci |	1694325
             % of reads mapped to multiple loci |	6.03%
        Number of reads mapped to too many loci |	514865
             % of reads mapped to too many loci |	1.83%
                                  UNMAPPED READS:
  Number of reads unmapped: too many mismatches |	0
       % of reads unmapped: too many mismatches |	0.00%
            Number of reads unmapped: too short |	13618951
                 % of reads unmapped: too short |	48.45%
                Number of reads unmapped: other |	5549
                     % of reads unmapped: other |	0.02%
                                  CHIMERIC READS:
                       Number of chimeric reads |	0
                            % of chimeric reads |	0.00%
