                                 Started job on |	Aug 29 16:27:52
                             Started mapping on |	Aug 29 16:30:57
                                    Finished on |	Aug 29 16:39:44
       Mapping speed, Million of reads per hour |	194.85

                          Number of input reads |	28524364
                      Average input read length |	241
                                    UNIQUE READS:
                   Uniquely mapped reads number |	12774458
                        Uniquely mapped reads % |	44.78%
                          Average mapped length |	230.06
                       Number of splices: Total |	7244987
            Number of splices: Annotated (sjdb) |	0
                       Number of splices: GT/AG |	7177138
                       Number of splices: GC/AG |	64607
                       Number of splices: AT/AC |	3242
               Number of splices: Non-canonical |	0
                      Mismatch rate per base, % |	0.30%
                         Deletion rate per base |	0.00%
                        Deletion average length |	1.61
                        Insertion rate per base |	0.00%
                       Insertion average length |	1.25
                             MULTI-MAPPING READS:
        Number of reads mapped to multiple loci |	2138642
             % of reads mapped to multiple loci |	7.50%
        Number of reads mapped to too many loci |	716341
             % of reads mapped to too many loci |	2.51%
                                  UNMAPPED READS:
       % of reads unmapped: too many mismatches |	0.00%
                 % of reads unmapped: too short |	44.79%
                     % of reads unmapped: other |	0.42%
                                  CHIMERIC READS:
                       Number of chimeric reads |	0
                            % of chimeric reads |	0.00%
