                                 Started job on |	Aug 29 20:22:52
                             Started mapping on |	Aug 29 20:23:22
                                    Finished on |	Aug 29 20:32:05
       Mapping speed, Million of reads per hour |	196.34

                          Number of input reads |	28524364
                      Average input read length |	241
                                    UNIQUE READS:
                   Uniquely mapped reads number |	12301981
                        Uniquely mapped reads % |	43.13%
                          Average mapped length |	226.48
                       Number of splices: Total |	9110166
            Number of splices: Annotated (sjdb) |	8543741
                       Number of splices: GT/AG |	8993882
                       Number of splices: GC/AG |	103338
                       Number of splices: AT/AC |	6239
               Number of splices: Non-canonical |	6707
                      Mismatch rate per base, % |	1.61%
                         Deletion rate per base |	0.07%
                        Deletion average length |	3.06
                        Insertion rate per base |	0.05%
                       Insertion average length |	2.82
                             MULTI-MAPPING READS:
        Number of reads mapped to multiple loci |	906232
             % of reads mapped to multiple loci |	3.18%
        Number of reads mapped to too many loci |	85682
             % of reads mapped to too many loci |	0.30%
                                  UNMAPPED READS:
       % of reads unmapped: too many mismatches |	0.00%
                 % of reads unmapped: too short |	50.39%
                     % of reads unmapped: other |	3.00%
                                  CHIMERIC READS:
                       Number of chimeric reads |	0
                            % of chimeric reads |	0.00%
