                                 Started job on |	Aug 29 17:22:23
                             Started mapping on |	Aug 29 17:22:40
                                    Finished on |	Aug 29 17:22:56
       Mapping speed, Million of reads per hour |	309.28

                          Number of input reads |	1374577
                      Average input read length |	87
                                    UNIQUE READS:
                   Uniquely mapped reads number |	819859
                        Uniquely mapped reads % |	59.64%
                          Average mapped length |	86.74
                       Number of splices: Total |	41097
            Number of splices: Annotated (sjdb) |	36428
                       Number of splices: GT/AG |	40559
                       Number of splices: GC/AG |	460
                       Number of splices: AT/AC |	39
               Number of splices: Non-canonical |	39
                      Mismatch rate per base, % |	2.44%
                         Deletion rate per base |	0.15%
                        Deletion average length |	2.43
                        Insertion rate per base |	0.13%
                       Insertion average length |	2.20
                             MULTI-MAPPING READS:
        Number of reads mapped to multiple loci |	249911
             % of reads mapped to multiple loci |	18.18%
        Number of reads mapped to too many loci |	69931
             % of reads mapped to too many loci |	5.09%
                                  UNMAPPED READS:
       % of reads unmapped: too many mismatches |	0.00%
                 % of reads unmapped: too short |	17.06%
                     % of reads unmapped: other |	0.03%
                                  CHIMERIC READS:
                       Number of chimeric reads |	0
                            % of chimeric reads |	0.00%
