                                 Started job on |	Aug 29 17:28:04
                             Started mapping on |	Aug 29 17:28:39
                                    Finished on |	Aug 29 17:29:13
       Mapping speed, Million of reads per hour |	336.30

                          Number of input reads |	3176144
                      Average input read length |	87
                                    UNIQUE READS:
                   Uniquely mapped reads number |	2035418
                        Uniquely mapped reads % |	64.08%
                          Average mapped length |	87.16
                       Number of splices: Total |	112234
            Number of splices: Annotated (sjdb) |	101305
                       Number of splices: GT/AG |	97084
                       Number of splices: GC/AG |	774
                       Number of splices: AT/AC |	14112
               Number of splices: Non-canonical |	264
                      Mismatch rate per base, % |	2.25%
                         Deletion rate per base |	0.15%
                        Deletion average length |	2.45
                        Insertion rate per base |	0.10%
                       Insertion average length |	2.13
                             MULTI-MAPPING READS:
        Number of reads mapped to multiple loci |	533005
             % of reads mapped to multiple loci |	16.78%
        Number of reads mapped to too many loci |	64145
             % of reads mapped to too many loci |	2.02%
                                  UNMAPPED READS:
       % of reads unmapped: too many mismatches |	0.00%
                 % of reads unmapped: too short |	17.08%
                     % of reads unmapped: other |	0.03%
                                  CHIMERIC READS:
                       Number of chimeric reads |	0
                            % of chimeric reads |	0.00%
