                                 Started job on |	Aug 29 17:58:31
                             Started mapping on |	Aug 29 17:58:58
                                    Finished on |	Aug 29 17:59:29
       Mapping speed, Million of reads per hour |	320.91

                          Number of input reads |	2763351
                      Average input read length |	116
                                    UNIQUE READS:
                   Uniquely mapped reads number |	1555040
                        Uniquely mapped reads % |	56.27%
                          Average mapped length |	111.92
                       Number of splices: Total |	133795
            Number of splices: Annotated (sjdb) |	115617
                       Number of splices: GT/AG |	131214
                       Number of splices: GC/AG |	1651
                       Number of splices: AT/AC |	290
               Number of splices: Non-canonical |	640
                      Mismatch rate per base, % |	2.78%
                         Deletion rate per base |	0.30%
                        Deletion average length |	2.74
                        Insertion rate per base |	0.25%
                       Insertion average length |	2.52
                             MULTI-MAPPING READS:
        Number of reads mapped to multiple loci |	631835
             % of reads mapped to multiple loci |	22.86%
        Number of reads mapped to too many loci |	27781
             % of reads mapped to too many loci |	1.01%
                                  UNMAPPED READS:
       % of reads unmapped: too many mismatches |	0.00%
                 % of reads unmapped: too short |	19.79%
                     % of reads unmapped: other |	0.06%
                                  CHIMERIC READS:
                       Number of chimeric reads |	0
                            % of chimeric reads |	0.00%
