                                 Started job on |	Aug 29 17:50:07
                             Started mapping on |	Aug 29 17:50:42
                                    Finished on |	Aug 29 17:51:01
       Mapping speed, Million of reads per hour |	295.16

                          Number of input reads |	1557764
                      Average input read length |	116
                                    UNIQUE READS:
                   Uniquely mapped reads number |	1051768
                        Uniquely mapped reads % |	67.52%
                          Average mapped length |	114.00
                       Number of splices: Total |	78468
            Number of splices: Annotated (sjdb) |	66767
                       Number of splices: GT/AG |	77425
                       Number of splices: GC/AG |	813
                       Number of splices: AT/AC |	177
               Number of splices: Non-canonical |	53
                      Mismatch rate per base, % |	1.61%
                         Deletion rate per base |	0.15%
                        Deletion average length |	2.77
                        Insertion rate per base |	0.11%
                       Insertion average length |	2.37
                             MULTI-MAPPING READS:
        Number of reads mapped to multiple loci |	278560
             % of reads mapped to multiple loci |	17.88%
        Number of reads mapped to too many loci |	6336
             % of reads mapped to too many loci |	0.41%
                                  UNMAPPED READS:
       % of reads unmapped: too many mismatches |	0.00%
                 % of reads unmapped: too short |	13.90%
                     % of reads unmapped: other |	0.29%
                                  CHIMERIC READS:
                       Number of chimeric reads |	0
                            % of chimeric reads |	0.00%
