                                 Started job on |	Aug 29 16:18:38
                             Started mapping on |	Aug 29 16:19:43
                                    Finished on |	Aug 29 16:25:50
       Mapping speed, Million of reads per hour |	194.57

                          Number of input reads |	19835132
                      Average input read length |	233
                                    UNIQUE READS:
                   Uniquely mapped reads number |	9154479
                        Uniquely mapped reads % |	46.15%
                          Average mapped length |	218.96
                       Number of splices: Total |	5194783
            Number of splices: Annotated (sjdb) |	0
                       Number of splices: GT/AG |	5144324
                       Number of splices: GC/AG |	48137
                       Number of splices: AT/AC |	2322
               Number of splices: Non-canonical |	0
                      Mismatch rate per base, % |	0.33%
                         Deletion rate per base |	0.00%
                        Deletion average length |	1.60
                        Insertion rate per base |	0.00%
                       Insertion average length |	1.24
                             MULTI-MAPPING READS:
        Number of reads mapped to multiple loci |	1919520
             % of reads mapped to multiple loci |	9.68%
        Number of reads mapped to too many loci |	600812
             % of reads mapped to too many loci |	3.03%
                                  UNMAPPED READS:
       % of reads unmapped: too many mismatches |	0.00%
                 % of reads unmapped: too short |	40.62%
                     % of reads unmapped: other |	0.52%
                                  CHIMERIC READS:
                       Number of chimeric reads |	0
                            % of chimeric reads |	0.00%
