                                 Started job on |	Aug 29 16:42:13
                             Started mapping on |	Aug 29 16:43:19
                                    Finished on |	Aug 29 16:53:31
       Mapping speed, Million of reads per hour |	220.52

                          Number of input reads |	37488386
                      Average input read length |	242
                                    UNIQUE READS:
                   Uniquely mapped reads number |	16758757
                        Uniquely mapped reads % |	44.70%
                          Average mapped length |	229.42
                       Number of splices: Total |	9948777
            Number of splices: Annotated (sjdb) |	0
                       Number of splices: GT/AG |	9857319
                       Number of splices: GC/AG |	86698
                       Number of splices: AT/AC |	4760
               Number of splices: Non-canonical |	0
                      Mismatch rate per base, % |	0.30%
                         Deletion rate per base |	0.00%
                        Deletion average length |	1.62
                        Insertion rate per base |	0.00%
                       Insertion average length |	1.26
                             MULTI-MAPPING READS:
        Number of reads mapped to multiple loci |	2603715
             % of reads mapped to multiple loci |	6.95%
        Number of reads mapped to too many loci |	562488
             % of reads mapped to too many loci |	1.50%
                                  UNMAPPED READS:
       % of reads unmapped: too many mismatches |	0.00%
                 % of reads unmapped: too short |	46.60%
                     % of reads unmapped: other |	0.25%
                                  CHIMERIC READS:
                       Number of chimeric reads |	0
                            % of chimeric reads |	0.00%
