                                 Started job on |	Jun 21 12:44:22
                             Started mapping on |	Jun 21 12:45:53
                                    Finished on |	Jun 21 13:01:05
       Mapping speed, Million of reads per hour |	112.60

                          Number of input reads |	28524364
                      Average input read length |	241
                                    UNIQUE READS:
                   Uniquely mapped reads number |	12723386
                        Uniquely mapped reads % |	44.61%
                          Average mapped length |	230.08
                       Number of splices: Total |	7203834
            Number of splices: Annotated (sjdb) |	0
                       Number of splices: GT/AG |	7136690
                       Number of splices: GC/AG |	63895
                       Number of splices: AT/AC |	3249
               Number of splices: Non-canonical |	0
                      Mismatch rate per base, % |	0.30%
                         Deletion rate per base |	0.00%
                        Deletion average length |	1.63
                        Insertion rate per base |	0.00%
                       Insertion average length |	1.38
                             MULTI-MAPPING READS:
        Number of reads mapped to multiple loci |	1969690
             % of reads mapped to multiple loci |	6.91%
        Number of reads mapped to too many loci |	901736
             % of reads mapped to too many loci |	3.16%
                                  UNMAPPED READS:
  Number of reads unmapped: too many mismatches |	0
       % of reads unmapped: too many mismatches |	0.00%
            Number of reads unmapped: too short |	12769898
                 % of reads unmapped: too short |	44.77%
                Number of reads unmapped: other |	159654
                     % of reads unmapped: other |	0.56%
                                  CHIMERIC READS:
                       Number of chimeric reads |	0
                            % of chimeric reads |	0.00%
