                                 Started job on |	Aug 29 21:39:51
                             Started mapping on |	Aug 29 21:40:12
                                    Finished on |	Aug 29 21:52:59
       Mapping speed, Million of reads per hour |	161.77

                          Number of input reads |	34464937
                      Average input read length |	242
                                    UNIQUE READS:
                   Uniquely mapped reads number |	16169807
                        Uniquely mapped reads % |	46.92%
                          Average mapped length |	227.87
                       Number of splices: Total |	12247948
            Number of splices: Annotated (sjdb) |	11585158
                       Number of splices: GT/AG |	12093145
                       Number of splices: GC/AG |	137290
                       Number of splices: AT/AC |	9130
               Number of splices: Non-canonical |	8383
                      Mismatch rate per base, % |	1.56%
                         Deletion rate per base |	0.06%
                        Deletion average length |	3.12
                        Insertion rate per base |	0.04%
                       Insertion average length |	2.86
                             MULTI-MAPPING READS:
        Number of reads mapped to multiple loci |	1340462
             % of reads mapped to multiple loci |	3.89%
        Number of reads mapped to too many loci |	91233
             % of reads mapped to too many loci |	0.26%
                                  UNMAPPED READS:
       % of reads unmapped: too many mismatches |	0.00%
                 % of reads unmapped: too short |	46.07%
                     % of reads unmapped: other |	2.86%
                                  CHIMERIC READS:
                       Number of chimeric reads |	0
                            % of chimeric reads |	0.00%
