                                 Started job on |	Jun 21 14:12:53
                             Started mapping on |	Jun 21 14:13:18
                                    Finished on |	Jun 21 14:13:50
       Mapping speed, Million of reads per hour |	156.24

                          Number of input reads |	1388788
                      Average input read length |	116
                                    UNIQUE READS:
                   Uniquely mapped reads number |	835499
                        Uniquely mapped reads % |	60.16%
                          Average mapped length |	112.42
                       Number of splices: Total |	65641
            Number of splices: Annotated (sjdb) |	0
                       Number of splices: GT/AG |	65105
                       Number of splices: GC/AG |	477
                       Number of splices: AT/AC |	59
               Number of splices: Non-canonical |	0
                      Mismatch rate per base, % |	2.84%
                         Deletion rate per base |	0.30%
                        Deletion average length |	2.74
                        Insertion rate per base |	0.25%
                       Insertion average length |	2.54
                             MULTI-MAPPING READS:
        Number of reads mapped to multiple loci |	231401
             % of reads mapped to multiple loci |	16.66%
        Number of reads mapped to too many loci |	36285
             % of reads mapped to too many loci |	2.61%
                                  UNMAPPED READS:
  Number of reads unmapped: too many mismatches |	0
       % of reads unmapped: too many mismatches |	0.00%
            Number of reads unmapped: too short |	284974
                 % of reads unmapped: too short |	20.52%
                Number of reads unmapped: other |	629
                     % of reads unmapped: other |	0.05%
                                  CHIMERIC READS:
                       Number of chimeric reads |	0
                            % of chimeric reads |	0.00%
