                                 Started job on |	Jun 21 14:03:48
                             Started mapping on |	Jun 21 14:04:13
                                    Finished on |	Jun 21 14:05:03
       Mapping speed, Million of reads per hour |	204.51

                          Number of input reads |	2840365
                      Average input read length |	87
                                    UNIQUE READS:
                   Uniquely mapped reads number |	1712579
                        Uniquely mapped reads % |	60.29%
                          Average mapped length |	86.27
                       Number of splices: Total |	66502
            Number of splices: Annotated (sjdb) |	0
                       Number of splices: GT/AG |	65984
                       Number of splices: GC/AG |	472
                       Number of splices: AT/AC |	46
               Number of splices: Non-canonical |	0
                      Mismatch rate per base, % |	2.51%
                         Deletion rate per base |	0.14%
                        Deletion average length |	2.35
                        Insertion rate per base |	0.13%
                       Insertion average length |	2.32
                             MULTI-MAPPING READS:
        Number of reads mapped to multiple loci |	498599
             % of reads mapped to multiple loci |	17.55%
        Number of reads mapped to too many loci |	205193
             % of reads mapped to too many loci |	7.22%
                                  UNMAPPED READS:
  Number of reads unmapped: too many mismatches |	0
       % of reads unmapped: too many mismatches |	0.00%
            Number of reads unmapped: too short |	423484
                 % of reads unmapped: too short |	14.91%
                Number of reads unmapped: other |	510
                     % of reads unmapped: other |	0.02%
                                  CHIMERIC READS:
                       Number of chimeric reads |	0
                            % of chimeric reads |	0.00%
