                                 Started job on |	Aug 29 17:21:29
                             Started mapping on |	Aug 29 17:21:56
                                    Finished on |	Aug 29 17:22:14
       Mapping speed, Million of reads per hour |	274.92

                          Number of input reads |	1374577
                      Average input read length |	87
                                    UNIQUE READS:
                   Uniquely mapped reads number |	822067
                        Uniquely mapped reads % |	59.81%
                          Average mapped length |	87.05
                       Number of splices: Total |	41470
            Number of splices: Annotated (sjdb) |	37109
                       Number of splices: GT/AG |	39925
                       Number of splices: GC/AG |	444
                       Number of splices: AT/AC |	1061
               Number of splices: Non-canonical |	40
                      Mismatch rate per base, % |	2.45%
                         Deletion rate per base |	0.15%
                        Deletion average length |	2.37
                        Insertion rate per base |	0.11%
                       Insertion average length |	2.09
                             MULTI-MAPPING READS:
        Number of reads mapped to multiple loci |	258863
             % of reads mapped to multiple loci |	18.83%
        Number of reads mapped to too many loci |	47958
             % of reads mapped to too many loci |	3.49%
                                  UNMAPPED READS:
       % of reads unmapped: too many mismatches |	0.00%
                 % of reads unmapped: too short |	17.83%
                     % of reads unmapped: other |	0.04%
                                  CHIMERIC READS:
                       Number of chimeric reads |	0
                            % of chimeric reads |	0.00%
