                                 Started job on |	Aug 29 17:48:57
                             Started mapping on |	Aug 29 17:49:24
                                    Finished on |	Aug 29 17:49:53
       Mapping speed, Million of reads per hour |	262.68

                          Number of input reads |	2116056
                      Average input read length |	116
                                    UNIQUE READS:
                   Uniquely mapped reads number |	1287229
                        Uniquely mapped reads % |	60.83%
                          Average mapped length |	112.37
                       Number of splices: Total |	95940
            Number of splices: Annotated (sjdb) |	82182
                       Number of splices: GT/AG |	94155
                       Number of splices: GC/AG |	1119
                       Number of splices: AT/AC |	203
               Number of splices: Non-canonical |	463
                      Mismatch rate per base, % |	2.74%
                         Deletion rate per base |	0.31%
                        Deletion average length |	2.82
                        Insertion rate per base |	0.26%
                       Insertion average length |	2.51
                             MULTI-MAPPING READS:
        Number of reads mapped to multiple loci |	370808
             % of reads mapped to multiple loci |	17.52%
        Number of reads mapped to too many loci |	11673
             % of reads mapped to too many loci |	0.55%
                                  UNMAPPED READS:
       % of reads unmapped: too many mismatches |	0.00%
                 % of reads unmapped: too short |	21.04%
                     % of reads unmapped: other |	0.05%
                                  CHIMERIC READS:
                       Number of chimeric reads |	0
                            % of chimeric reads |	0.00%
