                                 Started job on |	Aug 29 17:31:52
                             Started mapping on |	Aug 29 17:32:36
                                    Finished on |	Aug 29 17:32:56
       Mapping speed, Million of reads per hour |	369.37

                          Number of input reads |	2052039
                      Average input read length |	88
                                    UNIQUE READS:
                   Uniquely mapped reads number |	1227784
                        Uniquely mapped reads % |	59.83%
                          Average mapped length |	87.44
                       Number of splices: Total |	72863
            Number of splices: Annotated (sjdb) |	65344
                       Number of splices: GT/AG |	67639
                       Number of splices: GC/AG |	614
                       Number of splices: AT/AC |	4446
               Number of splices: Non-canonical |	164
                      Mismatch rate per base, % |	2.31%
                         Deletion rate per base |	0.15%
                        Deletion average length |	2.41
                        Insertion rate per base |	0.10%
                       Insertion average length |	2.09
                             MULTI-MAPPING READS:
        Number of reads mapped to multiple loci |	408904
             % of reads mapped to multiple loci |	19.93%
        Number of reads mapped to too many loci |	68703
             % of reads mapped to too many loci |	3.35%
                                  UNMAPPED READS:
       % of reads unmapped: too many mismatches |	0.00%
                 % of reads unmapped: too short |	16.86%
                     % of reads unmapped: other |	0.03%
                                  CHIMERIC READS:
                       Number of chimeric reads |	0
                            % of chimeric reads |	0.00%
