                                 Started job on |	Aug 29 17:44:17
                             Started mapping on |	Aug 29 17:44:41
                                    Finished on |	Aug 29 17:44:57
       Mapping speed, Million of reads per hour |	312.48

                          Number of input reads |	1388788
                      Average input read length |	116
                                    UNIQUE READS:
                   Uniquely mapped reads number |	948977
                        Uniquely mapped reads % |	68.33%
                          Average mapped length |	114.50
                       Number of splices: Total |	87791
            Number of splices: Annotated (sjdb) |	75768
                       Number of splices: GT/AG |	86785
                       Number of splices: GC/AG |	881
                       Number of splices: AT/AC |	75
               Number of splices: Non-canonical |	50
                      Mismatch rate per base, % |	1.60%
                         Deletion rate per base |	0.15%
                        Deletion average length |	2.80
                        Insertion rate per base |	0.11%
                       Insertion average length |	2.42
                             MULTI-MAPPING READS:
        Number of reads mapped to multiple loci |	245221
             % of reads mapped to multiple loci |	17.66%
        Number of reads mapped to too many loci |	3883
             % of reads mapped to too many loci |	0.28%
                                  UNMAPPED READS:
       % of reads unmapped: too many mismatches |	0.00%
                 % of reads unmapped: too short |	13.63%
                     % of reads unmapped: other |	0.10%
                                  CHIMERIC READS:
                       Number of chimeric reads |	0
                            % of chimeric reads |	0.00%
