                                 Started job on |	Jun 21 14:25:33
                             Started mapping on |	Jun 21 14:25:58
                                    Finished on |	Jun 21 14:26:50
       Mapping speed, Million of reads per hour |	169.53

                          Number of input reads |	2448737
                      Average input read length |	116
                                    UNIQUE READS:
                   Uniquely mapped reads number |	1505765
                        Uniquely mapped reads % |	61.49%
                          Average mapped length |	111.49
                       Number of splices: Total |	90900
            Number of splices: Annotated (sjdb) |	0
                       Number of splices: GT/AG |	90193
                       Number of splices: GC/AG |	603
                       Number of splices: AT/AC |	104
               Number of splices: Non-canonical |	0
                      Mismatch rate per base, % |	2.71%
                         Deletion rate per base |	0.30%
                        Deletion average length |	2.82
                        Insertion rate per base |	0.25%
                       Insertion average length |	2.48
                             MULTI-MAPPING READS:
        Number of reads mapped to multiple loci |	420026
             % of reads mapped to multiple loci |	17.15%
        Number of reads mapped to too many loci |	39736
             % of reads mapped to too many loci |	1.62%
                                  UNMAPPED READS:
  Number of reads unmapped: too many mismatches |	0
       % of reads unmapped: too many mismatches |	0.00%
            Number of reads unmapped: too short |	482073
                 % of reads unmapped: too short |	19.69%
                Number of reads unmapped: other |	1137
                     % of reads unmapped: other |	0.05%
                                  CHIMERIC READS:
                       Number of chimeric reads |	0
                            % of chimeric reads |	0.00%
