                                 Started job on |	Aug 29 17:24:16
                             Started mapping on |	Aug 29 17:25:18
                                    Finished on |	Aug 29 17:25:40
       Mapping speed, Million of reads per hour |	546.71

                          Number of input reads |	3340992
                      Average input read length |	87
                                    UNIQUE READS:
                   Uniquely mapped reads number |	2142498
                        Uniquely mapped reads % |	64.13%
                          Average mapped length |	88.60
                       Number of splices: Total |	0
            Number of splices: Annotated (sjdb) |	0
                       Number of splices: GT/AG |	0
                       Number of splices: GC/AG |	0
                       Number of splices: AT/AC |	0
               Number of splices: Non-canonical |	0
                      Mismatch rate per base, % |	0.76%
                         Deletion rate per base |	0.00%
                        Deletion average length |	1.00
                        Insertion rate per base |	0.01%
                       Insertion average length |	1.17
                             MULTI-MAPPING READS:
        Number of reads mapped to multiple loci |	662208
             % of reads mapped to multiple loci |	19.82%
        Number of reads mapped to too many loci |	291386
             % of reads mapped to too many loci |	8.72%
                                  UNMAPPED READS:
       % of reads unmapped: too many mismatches |	0.00%
                 % of reads unmapped: too short |	5.80%
                     % of reads unmapped: other |	1.54%
                                  CHIMERIC READS:
                       Number of chimeric reads |	0
                            % of chimeric reads |	0.00%
