                                 Started job on |	Aug 29 17:36:49
                             Started mapping on |	Aug 29 17:39:50
                                    Finished on |	Aug 29 17:40:14
       Mapping speed, Million of reads per hour |	426.05

                          Number of input reads |	2840365
                      Average input read length |	87
                                    UNIQUE READS:
                   Uniquely mapped reads number |	1701256
                        Uniquely mapped reads % |	59.90%
                          Average mapped length |	88.58
                       Number of splices: Total |	0
            Number of splices: Annotated (sjdb) |	0
                       Number of splices: GT/AG |	0
                       Number of splices: GC/AG |	0
                       Number of splices: AT/AC |	0
               Number of splices: Non-canonical |	0
                      Mismatch rate per base, % |	0.96%
                         Deletion rate per base |	0.00%
                        Deletion average length |	1.00
                        Insertion rate per base |	0.01%
                       Insertion average length |	1.19
                             MULTI-MAPPING READS:
        Number of reads mapped to multiple loci |	647484
             % of reads mapped to multiple loci |	22.80%
        Number of reads mapped to too many loci |	285131
             % of reads mapped to too many loci |	10.04%
                                  UNMAPPED READS:
       % of reads unmapped: too many mismatches |	0.00%
                 % of reads unmapped: too short |	6.23%
                     % of reads unmapped: other |	1.04%
                                  CHIMERIC READS:
                       Number of chimeric reads |	0
                            % of chimeric reads |	0.00%
