                                 Started job on |	Aug 29 17:22:48
                             Started mapping on |	Aug 29 17:23:54
                                    Finished on |	Aug 29 17:24:09
       Mapping speed, Million of reads per hour |	329.90

                          Number of input reads |	1374577
                      Average input read length |	87
                                    UNIQUE READS:
                   Uniquely mapped reads number |	858110
                        Uniquely mapped reads % |	62.43%
                          Average mapped length |	88.62
                       Number of splices: Total |	0
            Number of splices: Annotated (sjdb) |	0
                       Number of splices: GT/AG |	0
                       Number of splices: GC/AG |	0
                       Number of splices: AT/AC |	0
               Number of splices: Non-canonical |	0
                      Mismatch rate per base, % |	0.85%
                         Deletion rate per base |	0.00%
                        Deletion average length |	1.00
                        Insertion rate per base |	0.01%
                       Insertion average length |	1.12
                             MULTI-MAPPING READS:
        Number of reads mapped to multiple loci |	244380
             % of reads mapped to multiple loci |	17.78%
        Number of reads mapped to too many loci |	140211
             % of reads mapped to too many loci |	10.20%
                                  UNMAPPED READS:
       % of reads unmapped: too many mismatches |	0.00%
                 % of reads unmapped: too short |	7.37%
                     % of reads unmapped: other |	2.22%
                                  CHIMERIC READS:
                       Number of chimeric reads |	0
                            % of chimeric reads |	0.00%
