                                 Started job on |	Aug 29 17:25:59
                             Started mapping on |	Aug 29 17:29:13
                                    Finished on |	Aug 29 17:29:37
       Mapping speed, Million of reads per hour |	476.42

                          Number of input reads |	3176144
                      Average input read length |	87
                                    UNIQUE READS:
                   Uniquely mapped reads number |	1998311
                        Uniquely mapped reads % |	62.92%
                          Average mapped length |	88.71
                       Number of splices: Total |	0
            Number of splices: Annotated (sjdb) |	0
                       Number of splices: GT/AG |	0
                       Number of splices: GC/AG |	0
                       Number of splices: AT/AC |	0
               Number of splices: Non-canonical |	0
                      Mismatch rate per base, % |	0.72%
                         Deletion rate per base |	0.00%
                        Deletion average length |	1.00
                        Insertion rate per base |	0.01%
                       Insertion average length |	1.14
                             MULTI-MAPPING READS:
        Number of reads mapped to multiple loci |	691683
             % of reads mapped to multiple loci |	21.78%
        Number of reads mapped to too many loci |	282618
             % of reads mapped to too many loci |	8.90%
                                  UNMAPPED READS:
       % of reads unmapped: too many mismatches |	0.00%
                 % of reads unmapped: too short |	5.09%
                     % of reads unmapped: other |	1.31%
                                  CHIMERIC READS:
                       Number of chimeric reads |	0
                            % of chimeric reads |	0.00%
