                                 Started job on |	Feb 09 15:33:59
                             Started mapping on |	Feb 09 15:37:23
                                    Finished on |	Feb 09 15:37:40
       Mapping speed, Million of reads per hour |	448.11

                          Number of input reads |	2116056
                      Average input read length |	116
                                    UNIQUE READS:
                   Uniquely mapped reads number |	1420116
                        Uniquely mapped reads % |	67.11%
                          Average mapped length |	115.04
                       Number of splices: Total |	0
            Number of splices: Annotated (sjdb) |	0
                       Number of splices: GT/AG |	0
                       Number of splices: GC/AG |	0
                       Number of splices: AT/AC |	0
               Number of splices: Non-canonical |	0
                      Mismatch rate per base, % |	0.46%
                         Deletion rate per base |	0.00%
                        Deletion average length |	1.00
                        Insertion rate per base |	0.02%
                       Insertion average length |	1.89
                             MULTI-MAPPING READS:
        Number of reads mapped to multiple loci |	486931
             % of reads mapped to multiple loci |	23.01%
        Number of reads mapped to too many loci |	82761
             % of reads mapped to too many loci |	3.91%
                                  UNMAPPED READS:
       % of reads unmapped: too many mismatches |	0.00%
                 % of reads unmapped: too short |	5.56%
                     % of reads unmapped: other |	0.41%
                                  CHIMERIC READS:
                       Number of chimeric reads |	0
                            % of chimeric reads |	0.00%
