                                 Started job on |	Aug 29 17:51:25
                             Started mapping on |	Aug 29 17:54:36
                                    Finished on |	Aug 29 17:54:50
       Mapping speed, Million of reads per hour |	400.57

                          Number of input reads |	1557764
                      Average input read length |	116
                                    UNIQUE READS:
                   Uniquely mapped reads number |	999813
                        Uniquely mapped reads % |	64.18%
                          Average mapped length |	114.71
                       Number of splices: Total |	0
            Number of splices: Annotated (sjdb) |	0
                       Number of splices: GT/AG |	0
                       Number of splices: GC/AG |	0
                       Number of splices: AT/AC |	0
               Number of splices: Non-canonical |	0
                      Mismatch rate per base, % |	0.57%
                         Deletion rate per base |	0.01%
                        Deletion average length |	1.00
                        Insertion rate per base |	0.02%
                       Insertion average length |	1.96
                             MULTI-MAPPING READS:
        Number of reads mapped to multiple loci |	364579
             % of reads mapped to multiple loci |	23.40%
        Number of reads mapped to too many loci |	99286
             % of reads mapped to too many loci |	6.37%
                                  UNMAPPED READS:
       % of reads unmapped: too many mismatches |	0.00%
                 % of reads unmapped: too short |	5.61%
                     % of reads unmapped: other |	0.43%
                                  CHIMERIC READS:
                       Number of chimeric reads |	0
                            % of chimeric reads |	0.00%
