                                 Started job on |	Aug 29 17:44:15
                             Started mapping on |	Aug 29 17:47:22
                                    Finished on |	Aug 29 17:47:35
       Mapping speed, Million of reads per hour |	384.59

                          Number of input reads |	1388788
                      Average input read length |	116
                                    UNIQUE READS:
                   Uniquely mapped reads number |	916866
                        Uniquely mapped reads % |	66.02%
                          Average mapped length |	115.08
                       Number of splices: Total |	0
            Number of splices: Annotated (sjdb) |	0
                       Number of splices: GT/AG |	0
                       Number of splices: GC/AG |	0
                       Number of splices: AT/AC |	0
               Number of splices: Non-canonical |	0
                      Mismatch rate per base, % |	0.50%
                         Deletion rate per base |	0.01%
                        Deletion average length |	1.00
                        Insertion rate per base |	0.02%
                       Insertion average length |	2.06
                             MULTI-MAPPING READS:
        Number of reads mapped to multiple loci |	321439
             % of reads mapped to multiple loci |	23.15%
        Number of reads mapped to too many loci |	72582
             % of reads mapped to too many loci |	5.23%
                                  UNMAPPED READS:
       % of reads unmapped: too many mismatches |	0.00%
                 % of reads unmapped: too short |	5.45%
                     % of reads unmapped: other |	0.16%
                                  CHIMERIC READS:
                       Number of chimeric reads |	0
                            % of chimeric reads |	0.00%
