                                 Started job on |	Jun 21 16:35:22
                             Started mapping on |	Jun 21 16:35:56
                                    Finished on |	Jun 21 16:54:22
       Mapping speed, Million of reads per hour |	92.85

                          Number of input reads |	28524364
                      Average input read length |	241
                                    UNIQUE READS:
                   Uniquely mapped reads number |	12085248
                        Uniquely mapped reads % |	42.37%
                          Average mapped length |	225.68
                       Number of splices: Total |	7198766
            Number of splices: Annotated (sjdb) |	0
                       Number of splices: GT/AG |	7148550
                       Number of splices: GC/AG |	47672
                       Number of splices: AT/AC |	2544
               Number of splices: Non-canonical |	0
                      Mismatch rate per base, % |	1.59%
                         Deletion rate per base |	0.07%
                        Deletion average length |	3.05
                        Insertion rate per base |	0.05%
                       Insertion average length |	2.79
                             MULTI-MAPPING READS:
        Number of reads mapped to multiple loci |	1013240
             % of reads mapped to multiple loci |	3.55%
        Number of reads mapped to too many loci |	79017
             % of reads mapped to too many loci |	0.28%
                                  UNMAPPED READS:
  Number of reads unmapped: too many mismatches |	0
       % of reads unmapped: too many mismatches |	0.00%
            Number of reads unmapped: too short |	14513066
                 % of reads unmapped: too short |	50.88%
                Number of reads unmapped: other |	833793
                     % of reads unmapped: other |	2.92%
                                  CHIMERIC READS:
                       Number of chimeric reads |	0
                            % of chimeric reads |	0.00%
