                                 Started job on |	Aug 29 19:58:45
                             Started mapping on |	Aug 29 19:59:37
                                    Finished on |	Aug 29 20:05:16
       Mapping speed, Million of reads per hour |	210.64

                          Number of input reads |	19835132
                      Average input read length |	233
                                    UNIQUE READS:
                   Uniquely mapped reads number |	9303580
                        Uniquely mapped reads % |	46.90%
                          Average mapped length |	216.14
                       Number of splices: Total |	6825664
            Number of splices: Annotated (sjdb) |	6475334
                       Number of splices: GT/AG |	6735026
                       Number of splices: GC/AG |	82548
                       Number of splices: AT/AC |	3720
               Number of splices: Non-canonical |	4370
                      Mismatch rate per base, % |	1.56%
                         Deletion rate per base |	0.06%
                        Deletion average length |	3.04
                        Insertion rate per base |	0.04%
                       Insertion average length |	2.79
                             MULTI-MAPPING READS:
        Number of reads mapped to multiple loci |	811992
             % of reads mapped to multiple loci |	4.09%
        Number of reads mapped to too many loci |	64213
             % of reads mapped to too many loci |	0.32%
                                  UNMAPPED READS:
       % of reads unmapped: too many mismatches |	0.00%
                 % of reads unmapped: too short |	45.53%
                     % of reads unmapped: other |	3.15%
                                  CHIMERIC READS:
                       Number of chimeric reads |	0
                            % of chimeric reads |	0.00%
