                                 Started job on |	Aug 29 17:51:11
                             Started mapping on |	Aug 29 17:51:36
                                    Finished on |	Aug 29 17:51:53
       Mapping speed, Million of reads per hour |	329.88

                          Number of input reads |	1557764
                      Average input read length |	116
                                    UNIQUE READS:
                   Uniquely mapped reads number |	1063606
                        Uniquely mapped reads % |	68.28%
                          Average mapped length |	114.40
                       Number of splices: Total |	85982
            Number of splices: Annotated (sjdb) |	75104
                       Number of splices: GT/AG |	74925
                       Number of splices: GC/AG |	664
                       Number of splices: AT/AC |	9826
               Number of splices: Non-canonical |	567
                      Mismatch rate per base, % |	1.60%
                         Deletion rate per base |	0.14%
                        Deletion average length |	2.67
                        Insertion rate per base |	0.11%
                       Insertion average length |	2.29
                             MULTI-MAPPING READS:
        Number of reads mapped to multiple loci |	255312
             % of reads mapped to multiple loci |	16.39%
        Number of reads mapped to too many loci |	7254
             % of reads mapped to too many loci |	0.47%
                                  UNMAPPED READS:
       % of reads unmapped: too many mismatches |	0.00%
                 % of reads unmapped: too short |	14.78%
                     % of reads unmapped: other |	0.09%
                                  CHIMERIC READS:
                       Number of chimeric reads |	0
                            % of chimeric reads |	0.00%
