                                 Started job on |	Jun 21 14:29:01
                             Started mapping on |	Jun 21 14:29:35
                                    Finished on |	Jun 21 14:30:25
       Mapping speed, Million of reads per hour |	198.96

                          Number of input reads |	2763351
                      Average input read length |	116
                                    UNIQUE READS:
                   Uniquely mapped reads number |	1855441
                        Uniquely mapped reads % |	67.14%
                          Average mapped length |	114.54
                       Number of splices: Total |	112531
            Number of splices: Annotated (sjdb) |	0
                       Number of splices: GT/AG |	110717
                       Number of splices: GC/AG |	876
                       Number of splices: AT/AC |	938
               Number of splices: Non-canonical |	0
                      Mismatch rate per base, % |	1.57%
                         Deletion rate per base |	0.14%
                        Deletion average length |	2.67
                        Insertion rate per base |	0.11%
                       Insertion average length |	2.32
                             MULTI-MAPPING READS:
        Number of reads mapped to multiple loci |	502306
             % of reads mapped to multiple loci |	18.18%
        Number of reads mapped to too many loci |	18053
             % of reads mapped to too many loci |	0.65%
                                  UNMAPPED READS:
  Number of reads unmapped: too many mismatches |	0
       % of reads unmapped: too many mismatches |	0.00%
            Number of reads unmapped: too short |	385298
                 % of reads unmapped: too short |	13.94%
                Number of reads unmapped: other |	2253
                     % of reads unmapped: other |	0.08%
                                  CHIMERIC READS:
                       Number of chimeric reads |	0
                            % of chimeric reads |	0.00%
