                                 Started job on |	Aug 29 20:07:01
                             Started mapping on |	Aug 29 20:07:37
                                    Finished on |	Aug 29 20:13:03
       Mapping speed, Million of reads per hour |	219.04

                          Number of input reads |	19835132
                      Average input read length |	233
                                    UNIQUE READS:
                   Uniquely mapped reads number |	9409494
                        Uniquely mapped reads % |	47.44%
                          Average mapped length |	216.37
                       Number of splices: Total |	6784914
            Number of splices: Annotated (sjdb) |	6419183
                       Number of splices: GT/AG |	6696163
                       Number of splices: GC/AG |	76838
                       Number of splices: AT/AC |	4321
               Number of splices: Non-canonical |	7592
                      Mismatch rate per base, % |	1.52%
                         Deletion rate per base |	0.06%
                        Deletion average length |	3.10
                        Insertion rate per base |	0.04%
                       Insertion average length |	2.73
                             MULTI-MAPPING READS:
        Number of reads mapped to multiple loci |	1090360
             % of reads mapped to multiple loci |	5.50%
        Number of reads mapped to too many loci |	277527
             % of reads mapped to too many loci |	1.40%
                                  UNMAPPED READS:
       % of reads unmapped: too many mismatches |	0.00%
                 % of reads unmapped: too short |	45.65%
                     % of reads unmapped: other |	0.02%
                                  CHIMERIC READS:
                       Number of chimeric reads |	0
                            % of chimeric reads |	0.00%
