                                 Started job on |	Jun 21 11:47:51
                             Started mapping on |	Jun 21 11:49:21
                                    Finished on |	Jun 21 11:49:51
       Mapping speed, Million of reads per hour |	246.24

                          Number of input reads |	2052039
                      Average input read length |	88
                                    UNIQUE READS:
                   Uniquely mapped reads number |	1247081
                        Uniquely mapped reads % |	60.77%
                          Average mapped length |	89.02
                       Number of splices: Total |	0
            Number of splices: Annotated (sjdb) |	0
                       Number of splices: GT/AG |	0
                       Number of splices: GC/AG |	0
                       Number of splices: AT/AC |	0
               Number of splices: Non-canonical |	0
                      Mismatch rate per base, % |	0.71%
                         Deletion rate per base |	0.00%
                        Deletion average length |	1.00
                        Insertion rate per base |	0.01%
                       Insertion average length |	1.17
                             MULTI-MAPPING READS:
        Number of reads mapped to multiple loci |	386409
             % of reads mapped to multiple loci |	18.83%
        Number of reads mapped to too many loci |	213495
             % of reads mapped to too many loci |	10.40%
                                  UNMAPPED READS:
  Number of reads unmapped: too many mismatches |	0
       % of reads unmapped: too many mismatches |	0.00%
            Number of reads unmapped: too short |	143832
                 % of reads unmapped: too short |	7.01%
                Number of reads unmapped: other |	61222
                     % of reads unmapped: other |	2.98%
                                  CHIMERIC READS:
                       Number of chimeric reads |	0
                            % of chimeric reads |	0.00%
