                                 Started job on |	Jun 21 12:01:14
                             Started mapping on |	Jun 21 12:02:43
                                    Finished on |	Jun 21 12:03:09
       Mapping speed, Million of reads per hour |	215.69

                          Number of input reads |	1557764
                      Average input read length |	116
                                    UNIQUE READS:
                   Uniquely mapped reads number |	975585
                        Uniquely mapped reads % |	62.63%
                          Average mapped length |	114.45
                       Number of splices: Total |	0
            Number of splices: Annotated (sjdb) |	0
                       Number of splices: GT/AG |	0
                       Number of splices: GC/AG |	0
                       Number of splices: AT/AC |	0
               Number of splices: Non-canonical |	0
                      Mismatch rate per base, % |	0.57%
                         Deletion rate per base |	0.01%
                        Deletion average length |	1.00
                        Insertion rate per base |	0.02%
                       Insertion average length |	1.96
                             MULTI-MAPPING READS:
        Number of reads mapped to multiple loci |	369502
             % of reads mapped to multiple loci |	23.72%
        Number of reads mapped to too many loci |	115784
             % of reads mapped to too many loci |	7.43%
                                  UNMAPPED READS:
  Number of reads unmapped: too many mismatches |	0
       % of reads unmapped: too many mismatches |	0.00%
            Number of reads unmapped: too short |	88456
                 % of reads unmapped: too short |	5.68%
                Number of reads unmapped: other |	8437
                     % of reads unmapped: other |	0.54%
                                  CHIMERIC READS:
                       Number of chimeric reads |	0
                            % of chimeric reads |	0.00%
