                                 Started job on |	Jun 21 13:37:15
                             Started mapping on |	Jun 21 13:37:48
                                    Finished on |	Jun 21 13:38:19
       Mapping speed, Million of reads per hour |	159.63

                          Number of input reads |	1374577
                      Average input read length |	87
                                    UNIQUE READS:
                   Uniquely mapped reads number |	780760
                        Uniquely mapped reads % |	56.80%
                          Average mapped length |	86.32
                       Number of splices: Total |	30178
            Number of splices: Annotated (sjdb) |	0
                       Number of splices: GT/AG |	29634
                       Number of splices: GC/AG |	483
                       Number of splices: AT/AC |	61
               Number of splices: Non-canonical |	0
                      Mismatch rate per base, % |	2.57%
                         Deletion rate per base |	0.17%
                        Deletion average length |	2.55
                        Insertion rate per base |	0.11%
                       Insertion average length |	2.02
                             MULTI-MAPPING READS:
        Number of reads mapped to multiple loci |	286919
             % of reads mapped to multiple loci |	20.87%
        Number of reads mapped to too many loci |	43872
             % of reads mapped to too many loci |	3.19%
                                  UNMAPPED READS:
  Number of reads unmapped: too many mismatches |	0
       % of reads unmapped: too many mismatches |	0.00%
            Number of reads unmapped: too short |	243770
                 % of reads unmapped: too short |	17.73%
                Number of reads unmapped: other |	19256
                     % of reads unmapped: other |	1.40%
                                  CHIMERIC READS:
                       Number of chimeric reads |	0
                            % of chimeric reads |	0.00%
