                                 Started job on |	Jun 21 19:19:27
                             Started mapping on |	Jun 21 19:20:03
                                    Finished on |	Jun 21 19:40:15
       Mapping speed, Million of reads per hour |	102.37

                          Number of input reads |	34464937
                      Average input read length |	242
                                    UNIQUE READS:
                   Uniquely mapped reads number |	15753606
                        Uniquely mapped reads % |	45.71%
                          Average mapped length |	227.03
                       Number of splices: Total |	9610950
            Number of splices: Annotated (sjdb) |	0
                       Number of splices: GT/AG |	9549423
                       Number of splices: GC/AG |	58219
                       Number of splices: AT/AC |	3308
               Number of splices: Non-canonical |	0
                      Mismatch rate per base, % |	1.52%
                         Deletion rate per base |	0.06%
                        Deletion average length |	3.14
                        Insertion rate per base |	0.04%
                       Insertion average length |	2.81
                             MULTI-MAPPING READS:
        Number of reads mapped to multiple loci |	2084218
             % of reads mapped to multiple loci |	6.05%
        Number of reads mapped to too many loci |	555819
             % of reads mapped to too many loci |	1.61%
                                  UNMAPPED READS:
  Number of reads unmapped: too many mismatches |	0
       % of reads unmapped: too many mismatches |	0.00%
            Number of reads unmapped: too short |	16062833
                 % of reads unmapped: too short |	46.61%
                Number of reads unmapped: other |	8461
                     % of reads unmapped: other |	0.02%
                                  CHIMERIC READS:
                       Number of chimeric reads |	0
                            % of chimeric reads |	0.00%
