                                 Started job on |	Jun 21 14:32:57
                             Started mapping on |	Jun 21 14:33:23
                                    Finished on |	Jun 21 14:49:15
       Mapping speed, Million of reads per hour |	118.55

                          Number of input reads |	31348950
                      Average input read length |	233
                                    UNIQUE READS:
                   Uniquely mapped reads number |	14138715
                        Uniquely mapped reads % |	45.10%
                          Average mapped length |	216.56
                       Number of splices: Total |	7884571
            Number of splices: Annotated (sjdb) |	0
                       Number of splices: GT/AG |	7824345
                       Number of splices: GC/AG |	57235
                       Number of splices: AT/AC |	2991
               Number of splices: Non-canonical |	0
                      Mismatch rate per base, % |	1.48%
                         Deletion rate per base |	0.05%
                        Deletion average length |	2.92
                        Insertion rate per base |	0.04%
                       Insertion average length |	2.87
                             MULTI-MAPPING READS:
        Number of reads mapped to multiple loci |	3336902
             % of reads mapped to multiple loci |	10.64%
        Number of reads mapped to too many loci |	543581
             % of reads mapped to too many loci |	1.73%
                                  UNMAPPED READS:
  Number of reads unmapped: too many mismatches |	0
       % of reads unmapped: too many mismatches |	0.00%
            Number of reads unmapped: too short |	13327564
                 % of reads unmapped: too short |	42.51%
                Number of reads unmapped: other |	2188
                     % of reads unmapped: other |	0.01%
                                  CHIMERIC READS:
                       Number of chimeric reads |	0
                            % of chimeric reads |	0.00%
