                                 Started job on |	Jun 21 15:35:14
                             Started mapping on |	Jun 21 15:35:40
                                    Finished on |	Jun 21 15:49:40
       Mapping speed, Million of reads per hour |	120.46

                          Number of input reads |	28108389
                      Average input read length |	233
                                    UNIQUE READS:
                   Uniquely mapped reads number |	12549807
                        Uniquely mapped reads % |	44.65%
                          Average mapped length |	214.42
                       Number of splices: Total |	7184052
            Number of splices: Annotated (sjdb) |	0
                       Number of splices: GT/AG |	7130056
                       Number of splices: GC/AG |	51285
                       Number of splices: AT/AC |	2711
               Number of splices: Non-canonical |	0
                      Mismatch rate per base, % |	1.52%
                         Deletion rate per base |	0.06%
                        Deletion average length |	2.90
                        Insertion rate per base |	0.04%
                       Insertion average length |	2.89
                             MULTI-MAPPING READS:
        Number of reads mapped to multiple loci |	1926789
             % of reads mapped to multiple loci |	6.85%
        Number of reads mapped to too many loci |	308585
             % of reads mapped to too many loci |	1.10%
                                  UNMAPPED READS:
  Number of reads unmapped: too many mismatches |	0
       % of reads unmapped: too many mismatches |	0.00%
            Number of reads unmapped: too short |	13321012
                 % of reads unmapped: too short |	47.39%
                Number of reads unmapped: other |	2196
                     % of reads unmapped: other |	0.01%
                                  CHIMERIC READS:
                       Number of chimeric reads |	0
                            % of chimeric reads |	0.00%
