                                 Started job on |	Aug 29 19:48:51
                             Started mapping on |	Aug 29 19:49:08
                                    Finished on |	Aug 29 19:55:51
       Mapping speed, Million of reads per hour |	251.09

                          Number of input reads |	28108389
                      Average input read length |	233
                                    UNIQUE READS:
                   Uniquely mapped reads number |	12930796
                        Uniquely mapped reads % |	46.00%
                          Average mapped length |	215.41
                       Number of splices: Total |	9163652
            Number of splices: Annotated (sjdb) |	8634267
                       Number of splices: GT/AG |	9042726
                       Number of splices: GC/AG |	110332
                       Number of splices: AT/AC |	5878
               Number of splices: Non-canonical |	4716
                      Mismatch rate per base, % |	1.53%
                         Deletion rate per base |	0.05%
                        Deletion average length |	2.90
                        Insertion rate per base |	0.04%
                       Insertion average length |	2.91
                             MULTI-MAPPING READS:
        Number of reads mapped to multiple loci |	1851211
             % of reads mapped to multiple loci |	6.59%
        Number of reads mapped to too many loci |	83669
             % of reads mapped to too many loci |	0.30%
                                  UNMAPPED READS:
       % of reads unmapped: too many mismatches |	0.00%
                 % of reads unmapped: too short |	47.11%
                     % of reads unmapped: other |	0.01%
                                  CHIMERIC READS:
                       Number of chimeric reads |	0
                            % of chimeric reads |	0.00%
