                                 Started job on |	Jun 21 16:07:59
                             Started mapping on |	Jun 21 16:08:35
                                    Finished on |	Jun 21 16:19:58
       Mapping speed, Million of reads per hour |	104.55

                          Number of input reads |	19835132
                      Average input read length |	233
                                    UNIQUE READS:
                   Uniquely mapped reads number |	9069793
                        Uniquely mapped reads % |	45.73%
                          Average mapped length |	215.19
                       Number of splices: Total |	5273448
            Number of splices: Annotated (sjdb) |	0
                       Number of splices: GT/AG |	5235305
                       Number of splices: GC/AG |	36230
                       Number of splices: AT/AC |	1913
               Number of splices: Non-canonical |	0
                      Mismatch rate per base, % |	1.53%
                         Deletion rate per base |	0.06%
                        Deletion average length |	3.11
                        Insertion rate per base |	0.04%
                       Insertion average length |	2.69
                             MULTI-MAPPING READS:
        Number of reads mapped to multiple loci |	1234356
             % of reads mapped to multiple loci |	6.22%
        Number of reads mapped to too many loci |	373657
             % of reads mapped to too many loci |	1.88%
                                  UNMAPPED READS:
  Number of reads unmapped: too many mismatches |	0
       % of reads unmapped: too many mismatches |	0.00%
            Number of reads unmapped: too short |	9153351
                 % of reads unmapped: too short |	46.15%
                Number of reads unmapped: other |	3975
                     % of reads unmapped: other |	0.02%
                                  CHIMERIC READS:
                       Number of chimeric reads |	0
                            % of chimeric reads |	0.00%
