                                 Started job on |	Aug 29 17:45:54
                             Started mapping on |	Aug 29 17:46:14
                                    Finished on |	Aug 29 17:46:31
       Mapping speed, Million of reads per hour |	294.10

                          Number of input reads |	1388788
                      Average input read length |	116
                                    UNIQUE READS:
                   Uniquely mapped reads number |	834414
                        Uniquely mapped reads % |	60.08%
                          Average mapped length |	112.58
                       Number of splices: Total |	82381
            Number of splices: Annotated (sjdb) |	71694
                       Number of splices: GT/AG |	81174
                       Number of splices: GC/AG |	922
                       Number of splices: AT/AC |	98
               Number of splices: Non-canonical |	187
                      Mismatch rate per base, % |	2.85%
                         Deletion rate per base |	0.30%
                        Deletion average length |	2.75
                        Insertion rate per base |	0.25%
                       Insertion average length |	2.53
                             MULTI-MAPPING READS:
        Number of reads mapped to multiple loci |	250815
             % of reads mapped to multiple loci |	18.06%
        Number of reads mapped to too many loci |	15364
             % of reads mapped to too many loci |	1.11%
                                  UNMAPPED READS:
       % of reads unmapped: too many mismatches |	0.00%
                 % of reads unmapped: too short |	20.71%
                     % of reads unmapped: other |	0.04%
                                  CHIMERIC READS:
                       Number of chimeric reads |	0
                            % of chimeric reads |	0.00%
