                                 Started job on |	Aug 29 20:15:11
                             Started mapping on |	Aug 29 20:15:53
                                    Finished on |	Aug 29 20:20:42
       Mapping speed, Million of reads per hour |	247.08

                          Number of input reads |	19835132
                      Average input read length |	233
                                    UNIQUE READS:
                   Uniquely mapped reads number |	9573787
                        Uniquely mapped reads % |	48.27%
                          Average mapped length |	216.56
                       Number of splices: Total |	6845513
            Number of splices: Annotated (sjdb) |	6478229
                       Number of splices: GT/AG |	6756053
                       Number of splices: GC/AG |	82074
                       Number of splices: AT/AC |	4277
               Number of splices: Non-canonical |	3109
                      Mismatch rate per base, % |	1.51%
                         Deletion rate per base |	0.05%
                        Deletion average length |	2.88
                        Insertion rate per base |	0.04%
                       Insertion average length |	2.97
                             MULTI-MAPPING READS:
        Number of reads mapped to multiple loci |	1323462
             % of reads mapped to multiple loci |	6.67%
        Number of reads mapped to too many loci |	58909
             % of reads mapped to too many loci |	0.30%
                                  UNMAPPED READS:
       % of reads unmapped: too many mismatches |	0.00%
                 % of reads unmapped: too short |	44.76%
                     % of reads unmapped: other |	0.01%
                                  CHIMERIC READS:
                       Number of chimeric reads |	0
                            % of chimeric reads |	0.00%
