                                 Started job on |	Jun 21 14:07:06
                             Started mapping on |	Jun 21 14:07:40
                                    Finished on |	Jun 21 14:08:25
       Mapping speed, Million of reads per hour |	209.29

                          Number of input reads |	2616170
                      Average input read length |	117
                                    UNIQUE READS:
                   Uniquely mapped reads number |	1910858
                        Uniquely mapped reads % |	73.04%
                          Average mapped length |	116.58
                       Number of splices: Total |	123006
            Number of splices: Annotated (sjdb) |	0
                       Number of splices: GT/AG |	121565
                       Number of splices: GC/AG |	693
                       Number of splices: AT/AC |	748
               Number of splices: Non-canonical |	0
                      Mismatch rate per base, % |	1.50%
                         Deletion rate per base |	0.13%
                        Deletion average length |	2.65
                        Insertion rate per base |	0.10%
                       Insertion average length |	2.44
                             MULTI-MAPPING READS:
        Number of reads mapped to multiple loci |	371362
             % of reads mapped to multiple loci |	14.19%
        Number of reads mapped to too many loci |	13217
             % of reads mapped to too many loci |	0.51%
                                  UNMAPPED READS:
  Number of reads unmapped: too many mismatches |	0
       % of reads unmapped: too many mismatches |	0.00%
            Number of reads unmapped: too short |	319942
                 % of reads unmapped: too short |	12.23%
                Number of reads unmapped: other |	791
                     % of reads unmapped: other |	0.03%
                                  CHIMERIC READS:
                       Number of chimeric reads |	0
                            % of chimeric reads |	0.00%
