                                 Started job on |	Jun 21 14:30:51
                             Started mapping on |	Jun 21 14:31:15
                                    Finished on |	Jun 21 14:32:15
       Mapping speed, Million of reads per hour |	165.80

                          Number of input reads |	2763351
                      Average input read length |	116
                                    UNIQUE READS:
                   Uniquely mapped reads number |	1544508
                        Uniquely mapped reads % |	55.89%
                          Average mapped length |	111.67
                       Number of splices: Total |	106026
            Number of splices: Annotated (sjdb) |	0
                       Number of splices: GT/AG |	104889
                       Number of splices: GC/AG |	868
                       Number of splices: AT/AC |	269
               Number of splices: Non-canonical |	0
                      Mismatch rate per base, % |	2.79%
                         Deletion rate per base |	0.30%
                        Deletion average length |	2.74
                        Insertion rate per base |	0.25%
                       Insertion average length |	2.52
                             MULTI-MAPPING READS:
        Number of reads mapped to multiple loci |	587648
             % of reads mapped to multiple loci |	21.27%
        Number of reads mapped to too many loci |	87425
             % of reads mapped to too many loci |	3.16%
                                  UNMAPPED READS:
  Number of reads unmapped: too many mismatches |	0
       % of reads unmapped: too many mismatches |	0.00%
            Number of reads unmapped: too short |	541959
                 % of reads unmapped: too short |	19.61%
                Number of reads unmapped: other |	1811
                     % of reads unmapped: other |	0.07%
                                  CHIMERIC READS:
                       Number of chimeric reads |	0
                            % of chimeric reads |	0.00%
