                                 Started job on |	Jun 21 13:54:03
                             Started mapping on |	Jun 21 13:54:38
                                    Finished on |	Jun 21 13:55:16
       Mapping speed, Million of reads per hour |	194.40

                          Number of input reads |	2052039
                      Average input read length |	88
                                    UNIQUE READS:
                   Uniquely mapped reads number |	1222278
                        Uniquely mapped reads % |	59.56%
                          Average mapped length |	87.29
                       Number of splices: Total |	49248
            Number of splices: Annotated (sjdb) |	0
                       Number of splices: GT/AG |	48843
                       Number of splices: GC/AG |	273
                       Number of splices: AT/AC |	132
               Number of splices: Non-canonical |	0
                      Mismatch rate per base, % |	2.31%
                         Deletion rate per base |	0.15%
                        Deletion average length |	2.40
                        Insertion rate per base |	0.10%
                       Insertion average length |	2.10
                             MULTI-MAPPING READS:
        Number of reads mapped to multiple loci |	404963
             % of reads mapped to multiple loci |	19.73%
        Number of reads mapped to too many loci |	78517
             % of reads mapped to too many loci |	3.83%
                                  UNMAPPED READS:
  Number of reads unmapped: too many mismatches |	0
       % of reads unmapped: too many mismatches |	0.00%
            Number of reads unmapped: too short |	345540
                 % of reads unmapped: too short |	16.84%
                Number of reads unmapped: other |	741
                     % of reads unmapped: other |	0.04%
                                  CHIMERIC READS:
                       Number of chimeric reads |	0
                            % of chimeric reads |	0.00%
