                                 Started job on |	Aug 29 17:23:05
                             Started mapping on |	Aug 29 17:23:28
                                    Finished on |	Aug 29 17:24:02
       Mapping speed, Million of reads per hour |	353.75

                          Number of input reads |	3340992
                      Average input read length |	87
                                    UNIQUE READS:
                   Uniquely mapped reads number |	2037031
                        Uniquely mapped reads % |	60.97%
                          Average mapped length |	86.39
                       Number of splices: Total |	110854
            Number of splices: Annotated (sjdb) |	98626
                       Number of splices: GT/AG |	109245
                       Number of splices: GC/AG |	1429
                       Number of splices: AT/AC |	86
               Number of splices: Non-canonical |	94
                      Mismatch rate per base, % |	2.45%
                         Deletion rate per base |	0.16%
                        Deletion average length |	2.53
                        Insertion rate per base |	0.11%
                       Insertion average length |	2.01
                             MULTI-MAPPING READS:
        Number of reads mapped to multiple loci |	638689
             % of reads mapped to multiple loci |	19.12%
        Number of reads mapped to too many loci |	59170
             % of reads mapped to too many loci |	1.77%
                                  UNMAPPED READS:
       % of reads unmapped: too many mismatches |	0.00%
                 % of reads unmapped: too short |	17.31%
                     % of reads unmapped: other |	0.83%
                                  CHIMERIC READS:
                       Number of chimeric reads |	0
                            % of chimeric reads |	0.00%
