                                 Started job on |	Jun 21 13:42:59
                             Started mapping on |	Jun 21 13:43:34
                                    Finished on |	Jun 21 14:04:50
       Mapping speed, Million of reads per hour |	88.45

                          Number of input reads |	31348950
                      Average input read length |	233
                                    UNIQUE READS:
                   Uniquely mapped reads number |	13671556
                        Uniquely mapped reads % |	43.61%
                          Average mapped length |	215.96
                       Number of splices: Total |	7795732
            Number of splices: Annotated (sjdb) |	0
                       Number of splices: GT/AG |	7739057
                       Number of splices: GC/AG |	54667
                       Number of splices: AT/AC |	2008
               Number of splices: Non-canonical |	0
                      Mismatch rate per base, % |	1.59%
                         Deletion rate per base |	0.06%
                        Deletion average length |	3.01
                        Insertion rate per base |	0.04%
                       Insertion average length |	2.74
                             MULTI-MAPPING READS:
        Number of reads mapped to multiple loci |	2030000
             % of reads mapped to multiple loci |	6.48%
        Number of reads mapped to too many loci |	153036
             % of reads mapped to too many loci |	0.49%
                                  UNMAPPED READS:
  Number of reads unmapped: too many mismatches |	0
       % of reads unmapped: too many mismatches |	0.00%
            Number of reads unmapped: too short |	13720098
                 % of reads unmapped: too short |	43.77%
                Number of reads unmapped: other |	1774260
                     % of reads unmapped: other |	5.66%
                                  CHIMERIC READS:
                       Number of chimeric reads |	0
                            % of chimeric reads |	0.00%
