                                 Started job on |	Jun 21 18:03:18
                             Started mapping on |	Jun 21 18:03:54
                                    Finished on |	Jun 21 18:26:02
       Mapping speed, Million of reads per hour |	101.63

                          Number of input reads |	37488386
                      Average input read length |	242
                                    UNIQUE READS:
                   Uniquely mapped reads number |	16161234
                        Uniquely mapped reads % |	43.11%
                          Average mapped length |	225.54
                       Number of splices: Total |	9960140
            Number of splices: Annotated (sjdb) |	0
                       Number of splices: GT/AG |	9895211
                       Number of splices: GC/AG |	60706
                       Number of splices: AT/AC |	4223
               Number of splices: Non-canonical |	0
                      Mismatch rate per base, % |	1.53%
                         Deletion rate per base |	0.06%
                        Deletion average length |	3.20
                        Insertion rate per base |	0.04%
                       Insertion average length |	2.78
                             MULTI-MAPPING READS:
        Number of reads mapped to multiple loci |	1392286
             % of reads mapped to multiple loci |	3.71%
        Number of reads mapped to too many loci |	360965
             % of reads mapped to too many loci |	0.96%
                                  UNMAPPED READS:
  Number of reads unmapped: too many mismatches |	0
       % of reads unmapped: too many mismatches |	0.00%
            Number of reads unmapped: too short |	19566160
                 % of reads unmapped: too short |	52.19%
                Number of reads unmapped: other |	7741
                     % of reads unmapped: other |	0.02%
                                  CHIMERIC READS:
                       Number of chimeric reads |	0
                            % of chimeric reads |	0.00%
