                                 Started job on |	Aug 29 17:25:36
                             Started mapping on |	Aug 29 17:25:56
                                    Finished on |	Aug 29 17:26:25
       Mapping speed, Million of reads per hour |	414.74

                          Number of input reads |	3340992
                      Average input read length |	87
                                    UNIQUE READS:
                   Uniquely mapped reads number |	2094869
                        Uniquely mapped reads % |	62.70%
                          Average mapped length |	86.51
                       Number of splices: Total |	111353
            Number of splices: Annotated (sjdb) |	99084
                       Number of splices: GT/AG |	109879
                       Number of splices: GC/AG |	1242
                       Number of splices: AT/AC |	72
               Number of splices: Non-canonical |	160
                      Mismatch rate per base, % |	2.36%
                         Deletion rate per base |	0.15%
                        Deletion average length |	2.39
                        Insertion rate per base |	0.13%
                       Insertion average length |	2.27
                             MULTI-MAPPING READS:
        Number of reads mapped to multiple loci |	564535
             % of reads mapped to multiple loci |	16.90%
        Number of reads mapped to too many loci |	132064
             % of reads mapped to too many loci |	3.95%
                                  UNMAPPED READS:
       % of reads unmapped: too many mismatches |	0.00%
                 % of reads unmapped: too short |	16.42%
                     % of reads unmapped: other |	0.03%
                                  CHIMERIC READS:
                       Number of chimeric reads |	0
                            % of chimeric reads |	0.00%
