                                 Started job on |	Aug 29 20:56:41
                             Started mapping on |	Aug 29 20:57:24
                                    Finished on |	Aug 29 21:08:02
       Mapping speed, Million of reads per hour |	211.53

                          Number of input reads |	37488386
                      Average input read length |	242
                                    UNIQUE READS:
                   Uniquely mapped reads number |	16523986
                        Uniquely mapped reads % |	44.08%
                          Average mapped length |	226.29
                       Number of splices: Total |	12776500
            Number of splices: Annotated (sjdb) |	12083951
                       Number of splices: GT/AG |	12611564
                       Number of splices: GC/AG |	149219
                       Number of splices: AT/AC |	7144
               Number of splices: Non-canonical |	8573
                      Mismatch rate per base, % |	1.58%
                         Deletion rate per base |	0.06%
                        Deletion average length |	3.11
                        Insertion rate per base |	0.04%
                       Insertion average length |	2.86
                             MULTI-MAPPING READS:
        Number of reads mapped to multiple loci |	907740
             % of reads mapped to multiple loci |	2.42%
        Number of reads mapped to too many loci |	66229
             % of reads mapped to too many loci |	0.18%
                                  UNMAPPED READS:
       % of reads unmapped: too many mismatches |	0.00%
                 % of reads unmapped: too short |	51.58%
                     % of reads unmapped: other |	1.75%
                                  CHIMERIC READS:
                       Number of chimeric reads |	0
                            % of chimeric reads |	0.00%
