                                 Started job on |	Aug 29 17:24:21
                             Started mapping on |	Aug 29 17:24:45
                                    Finished on |	Aug 29 17:25:17
       Mapping speed, Million of reads per hour |	375.86

                          Number of input reads |	3340992
                      Average input read length |	87
                                    UNIQUE READS:
                   Uniquely mapped reads number |	2135715
                        Uniquely mapped reads % |	63.92%
                          Average mapped length |	87.04
                       Number of splices: Total |	115783
            Number of splices: Annotated (sjdb) |	104461
                       Number of splices: GT/AG |	107294
                       Number of splices: GC/AG |	1131
                       Number of splices: AT/AC |	7198
               Number of splices: Non-canonical |	160
                      Mismatch rate per base, % |	2.33%
                         Deletion rate per base |	0.15%
                        Deletion average length |	2.44
                        Insertion rate per base |	0.10%
                       Insertion average length |	2.12
                             MULTI-MAPPING READS:
        Number of reads mapped to multiple loci |	549495
             % of reads mapped to multiple loci |	16.45%
        Number of reads mapped to too many loci |	77527
             % of reads mapped to too many loci |	2.32%
                                  UNMAPPED READS:
       % of reads unmapped: too many mismatches |	0.00%
                 % of reads unmapped: too short |	17.27%
                     % of reads unmapped: other |	0.03%
                                  CHIMERIC READS:
                       Number of chimeric reads |	0
                            % of chimeric reads |	0.00%
