                                 Started job on |	Jun 21 14:14:02
                             Started mapping on |	Jun 21 14:14:35
                                    Finished on |	Jun 21 14:15:12
       Mapping speed, Million of reads per hour |	205.89

                          Number of input reads |	2116056
                      Average input read length |	116
                                    UNIQUE READS:
                   Uniquely mapped reads number |	1457815
                        Uniquely mapped reads % |	68.89%
                          Average mapped length |	113.96
                       Number of splices: Total |	81753
            Number of splices: Annotated (sjdb) |	0
                       Number of splices: GT/AG |	80801
                       Number of splices: GC/AG |	855
                       Number of splices: AT/AC |	97
               Number of splices: Non-canonical |	0
                      Mismatch rate per base, % |	1.51%
                         Deletion rate per base |	0.16%
                        Deletion average length |	2.93
                        Insertion rate per base |	0.13%
                       Insertion average length |	2.38
                             MULTI-MAPPING READS:
        Number of reads mapped to multiple loci |	358012
             % of reads mapped to multiple loci |	16.92%
        Number of reads mapped to too many loci |	5111
             % of reads mapped to too many loci |	0.24%
                                  UNMAPPED READS:
  Number of reads unmapped: too many mismatches |	0
       % of reads unmapped: too many mismatches |	0.00%
            Number of reads unmapped: too short |	290960
                 % of reads unmapped: too short |	13.75%
                Number of reads unmapped: other |	4158
                     % of reads unmapped: other |	0.20%
                                  CHIMERIC READS:
                       Number of chimeric reads |	0
                            % of chimeric reads |	0.00%
