                                 Started job on |	Aug 29 17:20:30
                             Started mapping on |	Aug 29 17:21:00
                                    Finished on |	Aug 29 17:21:20
       Mapping speed, Million of reads per hour |	247.42

                          Number of input reads |	1374577
                      Average input read length |	87
                                    UNIQUE READS:
                   Uniquely mapped reads number |	794443
                        Uniquely mapped reads % |	57.80%
                          Average mapped length |	86.56
                       Number of splices: Total |	41431
            Number of splices: Annotated (sjdb) |	36441
                       Number of splices: GT/AG |	40668
                       Number of splices: GC/AG |	685
                       Number of splices: AT/AC |	63
               Number of splices: Non-canonical |	15
                      Mismatch rate per base, % |	2.55%
                         Deletion rate per base |	0.17%
                        Deletion average length |	2.55
                        Insertion rate per base |	0.11%
                       Insertion average length |	2.03
                             MULTI-MAPPING READS:
        Number of reads mapped to multiple loci |	280749
             % of reads mapped to multiple loci |	20.42%
        Number of reads mapped to too many loci |	36154
             % of reads mapped to too many loci |	2.63%
                                  UNMAPPED READS:
       % of reads unmapped: too many mismatches |	0.00%
                 % of reads unmapped: too short |	17.73%
                     % of reads unmapped: other |	1.42%
                                  CHIMERIC READS:
                       Number of chimeric reads |	0
                            % of chimeric reads |	0.00%
