                                 Started job on |	Jun 21 14:01:58
                             Started mapping on |	Jun 21 14:02:31
                                    Finished on |	Jun 21 14:03:23
       Mapping speed, Million of reads per hour |	196.64

                          Number of input reads |	2840365
                      Average input read length |	87
                                    UNIQUE READS:
                   Uniquely mapped reads number |	1797290
                        Uniquely mapped reads % |	63.28%
                          Average mapped length |	87.17
                       Number of splices: Total |	65401
            Number of splices: Annotated (sjdb) |	0
                       Number of splices: GT/AG |	64524
                       Number of splices: GC/AG |	409
                       Number of splices: AT/AC |	468
               Number of splices: Non-canonical |	0
                      Mismatch rate per base, % |	2.46%
                         Deletion rate per base |	0.14%
                        Deletion average length |	2.46
                        Insertion rate per base |	0.09%
                       Insertion average length |	2.11
                             MULTI-MAPPING READS:
        Number of reads mapped to multiple loci |	509428
             % of reads mapped to multiple loci |	17.94%
        Number of reads mapped to too many loci |	69935
             % of reads mapped to too many loci |	2.46%
                                  UNMAPPED READS:
  Number of reads unmapped: too many mismatches |	0
       % of reads unmapped: too many mismatches |	0.00%
            Number of reads unmapped: too short |	463044
                 % of reads unmapped: too short |	16.30%
                Number of reads unmapped: other |	668
                     % of reads unmapped: other |	0.02%
                                  CHIMERIC READS:
                       Number of chimeric reads |	0
                            % of chimeric reads |	0.00%
