                                 Started job on |	Jun 21 14:15:31
                             Started mapping on |	Jun 21 14:16:05
                                    Finished on |	Jun 21 14:16:42
       Mapping speed, Million of reads per hour |	205.89

                          Number of input reads |	2116056
                      Average input read length |	116
                                    UNIQUE READS:
                   Uniquely mapped reads number |	1503403
                        Uniquely mapped reads % |	71.05%
                          Average mapped length |	114.64
                       Number of splices: Total |	80182
            Number of splices: Annotated (sjdb) |	0
                       Number of splices: GT/AG |	78956
                       Number of splices: GC/AG |	551
                       Number of splices: AT/AC |	675
               Number of splices: Non-canonical |	0
                      Mismatch rate per base, % |	1.54%
                         Deletion rate per base |	0.14%
                        Deletion average length |	2.64
                        Insertion rate per base |	0.11%
                       Insertion average length |	2.37
                             MULTI-MAPPING READS:
        Number of reads mapped to multiple loci |	295006
             % of reads mapped to multiple loci |	13.94%
        Number of reads mapped to too many loci |	9544
             % of reads mapped to too many loci |	0.45%
                                  UNMAPPED READS:
  Number of reads unmapped: too many mismatches |	0
       % of reads unmapped: too many mismatches |	0.00%
            Number of reads unmapped: too short |	306655
                 % of reads unmapped: too short |	14.49%
                Number of reads unmapped: other |	1448
                     % of reads unmapped: other |	0.07%
                                  CHIMERIC READS:
                       Number of chimeric reads |	0
                            % of chimeric reads |	0.00%
