                                 Started job on |	Aug 29 17:30:48
                             Started mapping on |	Aug 29 17:31:17
                                    Finished on |	Aug 29 17:31:38
       Mapping speed, Million of reads per hour |	351.78

                          Number of input reads |	2052039
                      Average input read length |	88
                                    UNIQUE READS:
                   Uniquely mapped reads number |	1191185
                        Uniquely mapped reads % |	58.05%
                          Average mapped length |	86.97
                       Number of splices: Total |	69464
            Number of splices: Annotated (sjdb) |	61714
                       Number of splices: GT/AG |	68512
                       Number of splices: GC/AG |	816
                       Number of splices: AT/AC |	58
               Number of splices: Non-canonical |	78
                      Mismatch rate per base, % |	2.42%
                         Deletion rate per base |	0.16%
                        Deletion average length |	2.51
                        Insertion rate per base |	0.11%
                       Insertion average length |	2.05
                             MULTI-MAPPING READS:
        Number of reads mapped to multiple loci |	445068
             % of reads mapped to multiple loci |	21.69%
        Number of reads mapped to too many loci |	53062
             % of reads mapped to too many loci |	2.59%
                                  UNMAPPED READS:
       % of reads unmapped: too many mismatches |	0.00%
                 % of reads unmapped: too short |	16.55%
                     % of reads unmapped: other |	1.12%
                                  CHIMERIC READS:
                       Number of chimeric reads |	0
                            % of chimeric reads |	0.00%
