                                 Started job on |	Feb 09 15:20:43
                             Started mapping on |	Feb 09 15:21:46
                                    Finished on |	Feb 09 15:22:01
       Mapping speed, Million of reads per hour |	492.49

                          Number of input reads |	2052039
                      Average input read length |	88
                                    UNIQUE READS:
                   Uniquely mapped reads number |	1252773
                        Uniquely mapped reads % |	61.05%
                          Average mapped length |	89.06
                       Number of splices: Total |	0
            Number of splices: Annotated (sjdb) |	0
                       Number of splices: GT/AG |	0
                       Number of splices: GC/AG |	0
                       Number of splices: AT/AC |	0
               Number of splices: Non-canonical |	0
                      Mismatch rate per base, % |	0.71%
                         Deletion rate per base |	0.00%
                        Deletion average length |	1.00
                        Insertion rate per base |	0.01%
                       Insertion average length |	1.16
                             MULTI-MAPPING READS:
        Number of reads mapped to multiple loci |	383236
             % of reads mapped to multiple loci |	18.68%
        Number of reads mapped to too many loci |	231268
             % of reads mapped to too many loci |	11.27%
                                  UNMAPPED READS:
       % of reads unmapped: too many mismatches |	0.00%
                 % of reads unmapped: too short |	6.50%
                     % of reads unmapped: other |	2.50%
                                  CHIMERIC READS:
                       Number of chimeric reads |	0
                            % of chimeric reads |	0.00%
