                                 Started job on |	Jun 21 11:40:49
                             Started mapping on |	Jun 21 11:42:22
                                    Finished on |	Jun 21 11:42:43
       Mapping speed, Million of reads per hour |	235.64

                          Number of input reads |	1374577
                      Average input read length |	87
                                    UNIQUE READS:
                   Uniquely mapped reads number |	855021
                        Uniquely mapped reads % |	62.20%
                          Average mapped length |	88.60
                       Number of splices: Total |	0
            Number of splices: Annotated (sjdb) |	0
                       Number of splices: GT/AG |	0
                       Number of splices: GC/AG |	0
                       Number of splices: AT/AC |	0
               Number of splices: Non-canonical |	0
                      Mismatch rate per base, % |	0.86%
                         Deletion rate per base |	0.00%
                        Deletion average length |	1.00
                        Insertion rate per base |	0.01%
                       Insertion average length |	1.14
                             MULTI-MAPPING READS:
        Number of reads mapped to multiple loci |	245084
             % of reads mapped to multiple loci |	17.83%
        Number of reads mapped to too many loci |	129587
             % of reads mapped to too many loci |	9.43%
                                  UNMAPPED READS:
  Number of reads unmapped: too many mismatches |	0
       % of reads unmapped: too many mismatches |	0.00%
            Number of reads unmapped: too short |	108891
                 % of reads unmapped: too short |	7.92%
                Number of reads unmapped: other |	35994
                     % of reads unmapped: other |	2.62%
                                  CHIMERIC READS:
                       Number of chimeric reads |	0
                            % of chimeric reads |	0.00%
