                                 Started job on |	Feb 09 15:22:01
                             Started mapping on |	Feb 09 15:23:03
                                    Finished on |	Feb 09 15:23:15
       Mapping speed, Million of reads per hour |	367.64

                          Number of input reads |	1225463
                      Average input read length |	87
                                    UNIQUE READS:
                   Uniquely mapped reads number |	772166
                        Uniquely mapped reads % |	63.01%
                          Average mapped length |	88.14
                       Number of splices: Total |	0
            Number of splices: Annotated (sjdb) |	0
                       Number of splices: GT/AG |	0
                       Number of splices: GC/AG |	0
                       Number of splices: AT/AC |	0
               Number of splices: Non-canonical |	0
                      Mismatch rate per base, % |	0.82%
                         Deletion rate per base |	0.00%
                        Deletion average length |	1.00
                        Insertion rate per base |	0.00%
                       Insertion average length |	1.20
                             MULTI-MAPPING READS:
        Number of reads mapped to multiple loci |	250726
             % of reads mapped to multiple loci |	20.46%
        Number of reads mapped to too many loci |	116286
             % of reads mapped to too many loci |	9.49%
                                  UNMAPPED READS:
       % of reads unmapped: too many mismatches |	0.00%
                 % of reads unmapped: too short |	5.82%
                     % of reads unmapped: other |	1.22%
                                  CHIMERIC READS:
                       Number of chimeric reads |	0
                            % of chimeric reads |	0.00%
