                                 Started job on |	Feb 09 15:26:56
                             Started mapping on |	Feb 09 15:30:15
                                    Finished on |	Feb 09 15:30:34
       Mapping speed, Million of reads per hour |	495.70

                          Number of input reads |	2616170
                      Average input read length |	117
                                    UNIQUE READS:
                   Uniquely mapped reads number |	1686193
                        Uniquely mapped reads % |	64.45%
                          Average mapped length |	116.46
                       Number of splices: Total |	0
            Number of splices: Annotated (sjdb) |	0
                       Number of splices: GT/AG |	0
                       Number of splices: GC/AG |	0
                       Number of splices: AT/AC |	0
               Number of splices: Non-canonical |	0
                      Mismatch rate per base, % |	0.46%
                         Deletion rate per base |	0.00%
                        Deletion average length |	1.00
                        Insertion rate per base |	0.02%
                       Insertion average length |	1.98
                             MULTI-MAPPING READS:
        Number of reads mapped to multiple loci |	690773
             % of reads mapped to multiple loci |	26.40%
        Number of reads mapped to too many loci |	109234
             % of reads mapped to too many loci |	4.18%
                                  UNMAPPED READS:
       % of reads unmapped: too many mismatches |	0.00%
                 % of reads unmapped: too short |	4.82%
                     % of reads unmapped: other |	0.15%
                                  CHIMERIC READS:
                       Number of chimeric reads |	0
                            % of chimeric reads |	0.00%
