                                 Started job on |	Jun 21 16:57:04
                             Started mapping on |	Jun 21 16:57:38
                                    Finished on |	Jun 21 17:14:57
       Mapping speed, Million of reads per hour |	98.83

                          Number of input reads |	28524364
                      Average input read length |	241
                                    UNIQUE READS:
                   Uniquely mapped reads number |	12045100
                        Uniquely mapped reads % |	42.23%
                          Average mapped length |	225.81
                       Number of splices: Total |	7140558
            Number of splices: Annotated (sjdb) |	0
                       Number of splices: GT/AG |	7092479
                       Number of splices: GC/AG |	45481
                       Number of splices: AT/AC |	2598
               Number of splices: Non-canonical |	0
                      Mismatch rate per base, % |	1.54%
                         Deletion rate per base |	0.07%
                        Deletion average length |	3.14
                        Insertion rate per base |	0.05%
                       Insertion average length |	2.73
                             MULTI-MAPPING READS:
        Number of reads mapped to multiple loci |	1495173
             % of reads mapped to multiple loci |	5.24%
        Number of reads mapped to too many loci |	473892
             % of reads mapped to too many loci |	1.66%
                                  UNMAPPED READS:
  Number of reads unmapped: too many mismatches |	0
       % of reads unmapped: too many mismatches |	0.00%
            Number of reads unmapped: too short |	14503184
                 % of reads unmapped: too short |	50.84%
                Number of reads unmapped: other |	7015
                     % of reads unmapped: other |	0.02%
                                  CHIMERIC READS:
                       Number of chimeric reads |	0
                            % of chimeric reads |	0.00%
