                                 Started job on |	Aug 29 17:42:06
                             Started mapping on |	Aug 29 17:42:34
                                    Finished on |	Aug 29 17:42:59
       Mapping speed, Million of reads per hour |	376.73

                          Number of input reads |	2616170
                      Average input read length |	117
                                    UNIQUE READS:
                   Uniquely mapped reads number |	1912244
                        Uniquely mapped reads % |	73.09%
                          Average mapped length |	116.62
                       Number of splices: Total |	191971
            Number of splices: Annotated (sjdb) |	172909
                       Number of splices: GT/AG |	147437
                       Number of splices: GC/AG |	1219
                       Number of splices: AT/AC |	42350
               Number of splices: Non-canonical |	965
                      Mismatch rate per base, % |	1.48%
                         Deletion rate per base |	0.13%
                        Deletion average length |	2.65
                        Insertion rate per base |	0.10%
                       Insertion average length |	2.42
                             MULTI-MAPPING READS:
        Number of reads mapped to multiple loci |	374447
             % of reads mapped to multiple loci |	14.31%
        Number of reads mapped to too many loci |	7651
             % of reads mapped to too many loci |	0.29%
                                  UNMAPPED READS:
       % of reads unmapped: too many mismatches |	0.00%
                 % of reads unmapped: too short |	12.27%
                     % of reads unmapped: other |	0.03%
                                  CHIMERIC READS:
                       Number of chimeric reads |	0
                            % of chimeric reads |	0.00%
