                                 Started job on |	Aug 29 17:26:45
                             Started mapping on |	Aug 29 17:27:12
                                    Finished on |	Aug 29 17:27:45
       Mapping speed, Million of reads per hour |	346.49

                          Number of input reads |	3176144
                      Average input read length |	87
                                    UNIQUE READS:
                   Uniquely mapped reads number |	1919549
                        Uniquely mapped reads % |	60.44%
                          Average mapped length |	86.42
                       Number of splices: Total |	98875
            Number of splices: Annotated (sjdb) |	87276
                       Number of splices: GT/AG |	97641
                       Number of splices: GC/AG |	1056
                       Number of splices: AT/AC |	116
               Number of splices: Non-canonical |	62
                      Mismatch rate per base, % |	2.42%
                         Deletion rate per base |	0.16%
                        Deletion average length |	2.55
                        Insertion rate per base |	0.11%
                       Insertion average length |	2.00
                             MULTI-MAPPING READS:
        Number of reads mapped to multiple loci |	649340
             % of reads mapped to multiple loci |	20.44%
        Number of reads mapped to too many loci |	49552
             % of reads mapped to too many loci |	1.56%
                                  UNMAPPED READS:
       % of reads unmapped: too many mismatches |	0.00%
                 % of reads unmapped: too short |	16.90%
                     % of reads unmapped: other |	0.66%
                                  CHIMERIC READS:
                       Number of chimeric reads |	0
                            % of chimeric reads |	0.00%
