                                 Started job on |	Jun 21 13:38:32
                             Started mapping on |	Jun 21 13:39:06
                                    Finished on |	Jun 21 13:39:34
       Mapping speed, Million of reads per hour |	176.73

                          Number of input reads |	1374577
                      Average input read length |	87
                                    UNIQUE READS:
                   Uniquely mapped reads number |	818502
                        Uniquely mapped reads % |	59.55%
                          Average mapped length |	86.92
                       Number of splices: Total |	29499
            Number of splices: Annotated (sjdb) |	0
                       Number of splices: GT/AG |	29225
                       Number of splices: GC/AG |	209
                       Number of splices: AT/AC |	65
               Number of splices: Non-canonical |	0
                      Mismatch rate per base, % |	2.45%
                         Deletion rate per base |	0.15%
                        Deletion average length |	2.36
                        Insertion rate per base |	0.11%
                       Insertion average length |	2.10
                             MULTI-MAPPING READS:
        Number of reads mapped to multiple loci |	257224
             % of reads mapped to multiple loci |	18.71%
        Number of reads mapped to too many loci |	53606
             % of reads mapped to too many loci |	3.90%
                                  UNMAPPED READS:
  Number of reads unmapped: too many mismatches |	0
       % of reads unmapped: too many mismatches |	0.00%
            Number of reads unmapped: too short |	244611
                 % of reads unmapped: too short |	17.80%
                Number of reads unmapped: other |	634
                     % of reads unmapped: other |	0.05%
                                  CHIMERIC READS:
                       Number of chimeric reads |	0
                            % of chimeric reads |	0.00%
