                                 Started job on |	Aug 29 21:25:54
                             Started mapping on |	Aug 29 21:26:34
                                    Finished on |	Aug 29 21:35:59
       Mapping speed, Million of reads per hour |	238.86

                          Number of input reads |	37488386
                      Average input read length |	242
                                    UNIQUE READS:
                   Uniquely mapped reads number |	16885627
                        Uniquely mapped reads % |	45.04%
                          Average mapped length |	226.62
                       Number of splices: Total |	12808716
            Number of splices: Annotated (sjdb) |	12087631
                       Number of splices: GT/AG |	12644960
                       Number of splices: GC/AG |	148270
                       Number of splices: AT/AC |	8893
               Number of splices: Non-canonical |	6593
                      Mismatch rate per base, % |	1.52%
                         Deletion rate per base |	0.06%
                        Deletion average length |	3.03
                        Insertion rate per base |	0.05%
                       Insertion average length |	3.00
                             MULTI-MAPPING READS:
        Number of reads mapped to multiple loci |	1392772
             % of reads mapped to multiple loci |	3.72%
        Number of reads mapped to too many loci |	40045
             % of reads mapped to too many loci |	0.11%
                                  UNMAPPED READS:
       % of reads unmapped: too many mismatches |	0.00%
                 % of reads unmapped: too short |	51.13%
                     % of reads unmapped: other |	0.01%
                                  CHIMERIC READS:
                       Number of chimeric reads |	0
                            % of chimeric reads |	0.00%
