                                 Started job on |	Jun 21 17:36:49
                             Started mapping on |	Jun 21 17:37:22
                                    Finished on |	Jun 21 17:59:51
       Mapping speed, Million of reads per hour |	100.04

                          Number of input reads |	37488386
                      Average input read length |	242
                                    UNIQUE READS:
                   Uniquely mapped reads number |	16227670
                        Uniquely mapped reads % |	43.29%
                          Average mapped length |	225.50
                       Number of splices: Total |	10085774
            Number of splices: Annotated (sjdb) |	0
                       Number of splices: GT/AG |	10017131
                       Number of splices: GC/AG |	66135
                       Number of splices: AT/AC |	2508
               Number of splices: Non-canonical |	0
                      Mismatch rate per base, % |	1.57%
                         Deletion rate per base |	0.06%
                        Deletion average length |	3.10
                        Insertion rate per base |	0.04%
                       Insertion average length |	2.83
                             MULTI-MAPPING READS:
        Number of reads mapped to multiple loci |	1013718
             % of reads mapped to multiple loci |	2.70%
        Number of reads mapped to too many loci |	62739
             % of reads mapped to too many loci |	0.17%
                                  UNMAPPED READS:
  Number of reads unmapped: too many mismatches |	0
       % of reads unmapped: too many mismatches |	0.00%
            Number of reads unmapped: too short |	19546112
                 % of reads unmapped: too short |	52.14%
                Number of reads unmapped: other |	638147
                     % of reads unmapped: other |	1.70%
                                  CHIMERIC READS:
                       Number of chimeric reads |	0
                            % of chimeric reads |	0.00%
