                                 Started job on |	Aug 29 17:39:43
                             Started mapping on |	Aug 29 17:40:10
                                    Finished on |	Aug 29 17:40:40
       Mapping speed, Million of reads per hour |	340.84

                          Number of input reads |	2840365
                      Average input read length |	87
                                    UNIQUE READS:
                   Uniquely mapped reads number |	1732844
                        Uniquely mapped reads % |	61.01%
                          Average mapped length |	86.47
                       Number of splices: Total |	91405
            Number of splices: Annotated (sjdb) |	81512
                       Number of splices: GT/AG |	90235
                       Number of splices: GC/AG |	955
                       Number of splices: AT/AC |	71
               Number of splices: Non-canonical |	144
                      Mismatch rate per base, % |	2.49%
                         Deletion rate per base |	0.14%
                        Deletion average length |	2.37
                        Insertion rate per base |	0.13%
                       Insertion average length |	2.31
                             MULTI-MAPPING READS:
        Number of reads mapped to multiple loci |	533532
             % of reads mapped to multiple loci |	18.78%
        Number of reads mapped to too many loci |	141125
             % of reads mapped to too many loci |	4.97%
                                  UNMAPPED READS:
       % of reads unmapped: too many mismatches |	0.00%
                 % of reads unmapped: too short |	15.22%
                     % of reads unmapped: other |	0.02%
                                  CHIMERIC READS:
                       Number of chimeric reads |	0
                            % of chimeric reads |	0.00%
