                                 Started job on |	Aug 29 18:46:51
                             Started mapping on |	Aug 29 18:47:35
                                    Finished on |	Aug 29 18:57:26
       Mapping speed, Million of reads per hour |	190.96

                          Number of input reads |	31348950
                      Average input read length |	233
                                    UNIQUE READS:
                   Uniquely mapped reads number |	13983062
                        Uniquely mapped reads % |	44.60%
                          Average mapped length |	216.83
                       Number of splices: Total |	10002441
            Number of splices: Annotated (sjdb) |	9441848
                       Number of splices: GT/AG |	9873085
                       Number of splices: GC/AG |	116218
                       Number of splices: AT/AC |	5271
               Number of splices: Non-canonical |	7867
                      Mismatch rate per base, % |	1.60%
                         Deletion rate per base |	0.06%
                        Deletion average length |	3.01
                        Insertion rate per base |	0.04%
                       Insertion average length |	2.77
                             MULTI-MAPPING READS:
        Number of reads mapped to multiple loci |	1817322
             % of reads mapped to multiple loci |	5.80%
        Number of reads mapped to too many loci |	175939
             % of reads mapped to too many loci |	0.56%
                                  UNMAPPED READS:
       % of reads unmapped: too many mismatches |	0.00%
                 % of reads unmapped: too short |	43.24%
                     % of reads unmapped: other |	5.80%
                                  CHIMERIC READS:
                       Number of chimeric reads |	0
                            % of chimeric reads |	0.00%
