                                 Started job on |	Jun 21 14:10:31
                             Started mapping on |	Jun 21 14:11:03
                                    Finished on |	Jun 21 14:11:28
       Mapping speed, Million of reads per hour |	199.99

                          Number of input reads |	1388788
                      Average input read length |	116
                                    UNIQUE READS:
                   Uniquely mapped reads number |	923341
                        Uniquely mapped reads % |	66.49%
                          Average mapped length |	114.10
                       Number of splices: Total |	71618
            Number of splices: Annotated (sjdb) |	0
                       Number of splices: GT/AG |	70958
                       Number of splices: GC/AG |	605
                       Number of splices: AT/AC |	55
               Number of splices: Non-canonical |	0
                      Mismatch rate per base, % |	1.61%
                         Deletion rate per base |	0.15%
                        Deletion average length |	2.81
                        Insertion rate per base |	0.12%
                       Insertion average length |	2.43
                             MULTI-MAPPING READS:
        Number of reads mapped to multiple loci |	271997
             % of reads mapped to multiple loci |	19.59%
        Number of reads mapped to too many loci |	4031
             % of reads mapped to too many loci |	0.29%
                                  UNMAPPED READS:
  Number of reads unmapped: too many mismatches |	0
       % of reads unmapped: too many mismatches |	0.00%
            Number of reads unmapped: too short |	187960
                 % of reads unmapped: too short |	13.53%
                Number of reads unmapped: other |	1459
                     % of reads unmapped: other |	0.11%
                                  CHIMERIC READS:
                       Number of chimeric reads |	0
                            % of chimeric reads |	0.00%
