                                 Started job on |	Aug 29 17:52:03
                             Started mapping on |	Aug 29 17:52:23
                                    Finished on |	Aug 29 17:52:41
       Mapping speed, Million of reads per hour |	311.55

                          Number of input reads |	1557764
                      Average input read length |	116
                                    UNIQUE READS:
                   Uniquely mapped reads number |	887194
                        Uniquely mapped reads % |	56.95%
                          Average mapped length |	111.93
                       Number of splices: Total |	73863
            Number of splices: Annotated (sjdb) |	63556
                       Number of splices: GT/AG |	72327
                       Number of splices: GC/AG |	954
                       Number of splices: AT/AC |	156
               Number of splices: Non-canonical |	426
                      Mismatch rate per base, % |	2.85%
                         Deletion rate per base |	0.31%
                        Deletion average length |	2.76
                        Insertion rate per base |	0.26%
                       Insertion average length |	2.55
                             MULTI-MAPPING READS:
        Number of reads mapped to multiple loci |	326815
             % of reads mapped to multiple loci |	20.98%
        Number of reads mapped to too many loci |	16218
             % of reads mapped to too many loci |	1.04%
                                  UNMAPPED READS:
       % of reads unmapped: too many mismatches |	0.00%
                 % of reads unmapped: too short |	20.95%
                     % of reads unmapped: other |	0.07%
                                  CHIMERIC READS:
                       Number of chimeric reads |	0
                            % of chimeric reads |	0.00%
