                                 Started job on |	Jun 21 14:05:26
                             Started mapping on |	Jun 21 14:05:57
                                    Finished on |	Jun 21 14:06:41
       Mapping speed, Million of reads per hour |	214.05

                          Number of input reads |	2616170
                      Average input read length |	117
                                    UNIQUE READS:
                   Uniquely mapped reads number |	1760067
                        Uniquely mapped reads % |	67.28%
                          Average mapped length |	115.50
                       Number of splices: Total |	125231
            Number of splices: Annotated (sjdb) |	0
                       Number of splices: GT/AG |	124102
                       Number of splices: GC/AG |	1053
                       Number of splices: AT/AC |	76
               Number of splices: Non-canonical |	0
                      Mismatch rate per base, % |	1.52%
                         Deletion rate per base |	0.15%
                        Deletion average length |	2.95
                        Insertion rate per base |	0.12%
                       Insertion average length |	2.49
                             MULTI-MAPPING READS:
        Number of reads mapped to multiple loci |	550247
             % of reads mapped to multiple loci |	21.03%
        Number of reads mapped to too many loci |	6163
             % of reads mapped to too many loci |	0.24%
                                  UNMAPPED READS:
  Number of reads unmapped: too many mismatches |	0
       % of reads unmapped: too many mismatches |	0.00%
            Number of reads unmapped: too short |	297574
                 % of reads unmapped: too short |	11.37%
                Number of reads unmapped: other |	2119
                     % of reads unmapped: other |	0.08%
                                  CHIMERIC READS:
                       Number of chimeric reads |	0
                            % of chimeric reads |	0.00%
