                                 Started job on |	Aug 29 17:45:06
                             Started mapping on |	Aug 29 17:45:30
                                    Finished on |	Aug 29 17:45:46
       Mapping speed, Million of reads per hour |	312.48

                          Number of input reads |	1388788
                      Average input read length |	116
                                    UNIQUE READS:
                   Uniquely mapped reads number |	986774
                        Uniquely mapped reads % |	71.05%
                          Average mapped length |	115.12
                       Number of splices: Total |	101649
            Number of splices: Annotated (sjdb) |	90428
                       Number of splices: GT/AG |	84143
                       Number of splices: GC/AG |	699
                       Number of splices: AT/AC |	16215
               Number of splices: Non-canonical |	592
                      Mismatch rate per base, % |	1.58%
                         Deletion rate per base |	0.14%
                        Deletion average length |	2.70
                        Insertion rate per base |	0.10%
                       Insertion average length |	2.34
                             MULTI-MAPPING READS:
        Number of reads mapped to multiple loci |	196222
             % of reads mapped to multiple loci |	14.13%
        Number of reads mapped to too many loci |	4816
             % of reads mapped to too many loci |	0.35%
                                  UNMAPPED READS:
       % of reads unmapped: too many mismatches |	0.00%
                 % of reads unmapped: too short |	14.41%
                     % of reads unmapped: other |	0.06%
                                  CHIMERIC READS:
                       Number of chimeric reads |	0
                            % of chimeric reads |	0.00%
