                                 Started job on |	Jun 21 13:50:45
                             Started mapping on |	Jun 21 13:51:11
                                    Finished on |	Jun 21 13:52:02
       Mapping speed, Million of reads per hour |	224.20

                          Number of input reads |	3176144
                      Average input read length |	87
                                    UNIQUE READS:
                   Uniquely mapped reads number |	1946943
                        Uniquely mapped reads % |	61.30%
                          Average mapped length |	86.32
                       Number of splices: Total |	72015
            Number of splices: Annotated (sjdb) |	0
                       Number of splices: GT/AG |	71469
                       Number of splices: GC/AG |	476
                       Number of splices: AT/AC |	70
               Number of splices: Non-canonical |	0
                      Mismatch rate per base, % |	2.31%
                         Deletion rate per base |	0.15%
                        Deletion average length |	2.41
                        Insertion rate per base |	0.13%
                       Insertion average length |	2.27
                             MULTI-MAPPING READS:
        Number of reads mapped to multiple loci |	557871
             % of reads mapped to multiple loci |	17.56%
        Number of reads mapped to too many loci |	174701
             % of reads mapped to too many loci |	5.50%
                                  UNMAPPED READS:
  Number of reads unmapped: too many mismatches |	0
       % of reads unmapped: too many mismatches |	0.00%
            Number of reads unmapped: too short |	495959
                 % of reads unmapped: too short |	15.62%
                Number of reads unmapped: other |	670
                     % of reads unmapped: other |	0.02%
                                  CHIMERIC READS:
                       Number of chimeric reads |	0
                            % of chimeric reads |	0.00%
