                                 Started job on |	Jun 21 11:47:16
                             Started mapping on |	Jun 21 11:48:43
                                    Finished on |	Jun 21 12:10:03
       Mapping speed, Million of reads per hour |	88.17

                          Number of input reads |	31348950
                      Average input read length |	233
                                    UNIQUE READS:
                   Uniquely mapped reads number |	13864518
                        Uniquely mapped reads % |	44.23%
                          Average mapped length |	219.77
                       Number of splices: Total |	7683960
            Number of splices: Annotated (sjdb) |	0
                       Number of splices: GT/AG |	7609334
                       Number of splices: GC/AG |	71081
                       Number of splices: AT/AC |	3545
               Number of splices: Non-canonical |	0
                      Mismatch rate per base, % |	0.34%
                         Deletion rate per base |	0.00%
                        Deletion average length |	1.63
                        Insertion rate per base |	0.00%
                       Insertion average length |	1.35
                             MULTI-MAPPING READS:
        Number of reads mapped to multiple loci |	2923704
             % of reads mapped to multiple loci |	9.33%
        Number of reads mapped to too many loci |	2122921
             % of reads mapped to too many loci |	6.77%
                                  UNMAPPED READS:
  Number of reads unmapped: too many mismatches |	0
       % of reads unmapped: too many mismatches |	0.00%
            Number of reads unmapped: too short |	12048430
                 % of reads unmapped: too short |	38.43%
                Number of reads unmapped: other |	389377
                     % of reads unmapped: other |	1.24%
                                  CHIMERIC READS:
                       Number of chimeric reads |	0
                            % of chimeric reads |	0.00%
