                                 Started job on |	Aug 29 17:36:56
                             Started mapping on |	Aug 29 17:37:25
                                    Finished on |	Aug 29 17:37:57
       Mapping speed, Million of reads per hour |	319.54

                          Number of input reads |	2840365
                      Average input read length |	87
                                    UNIQUE READS:
                   Uniquely mapped reads number |	1674711
                        Uniquely mapped reads % |	58.96%
                          Average mapped length |	86.28
                       Number of splices: Total |	90500
            Number of splices: Annotated (sjdb) |	80671
                       Number of splices: GT/AG |	89434
                       Number of splices: GC/AG |	951
                       Number of splices: AT/AC |	65
               Number of splices: Non-canonical |	50
                      Mismatch rate per base, % |	2.58%
                         Deletion rate per base |	0.15%
                        Deletion average length |	2.45
                        Insertion rate per base |	0.11%
                       Insertion average length |	2.05
                             MULTI-MAPPING READS:
        Number of reads mapped to multiple loci |	644302
             % of reads mapped to multiple loci |	22.68%
        Number of reads mapped to too many loci |	44239
             % of reads mapped to too many loci |	1.56%
                                  UNMAPPED READS:
       % of reads unmapped: too many mismatches |	0.00%
                 % of reads unmapped: too short |	15.94%
                     % of reads unmapped: other |	0.86%
                                  CHIMERIC READS:
                       Number of chimeric reads |	0
                            % of chimeric reads |	0.00%
