                                 Started job on |	Jun 21 14:08:29
                             Started mapping on |	Jun 21 14:09:04
                                    Finished on |	Jun 21 14:28:08
       Mapping speed, Million of reads per hour |	98.65

                          Number of input reads |	31348950
                      Average input read length |	233
                                    UNIQUE READS:
                   Uniquely mapped reads number |	13535222
                        Uniquely mapped reads % |	43.18%
                          Average mapped length |	215.89
                       Number of splices: Total |	7708297
            Number of splices: Annotated (sjdb) |	0
                       Number of splices: GT/AG |	7653627
                       Number of splices: GC/AG |	51616
                       Number of splices: AT/AC |	3054
               Number of splices: Non-canonical |	0
                      Mismatch rate per base, % |	1.54%
                         Deletion rate per base |	0.06%
                        Deletion average length |	3.10
                        Insertion rate per base |	0.04%
                       Insertion average length |	2.68
                             MULTI-MAPPING READS:
        Number of reads mapped to multiple loci |	2954027
             % of reads mapped to multiple loci |	9.42%
        Number of reads mapped to too many loci |	1078488
             % of reads mapped to too many loci |	3.44%
                                  UNMAPPED READS:
  Number of reads unmapped: too many mismatches |	0
       % of reads unmapped: too many mismatches |	0.00%
            Number of reads unmapped: too short |	13773946
                 % of reads unmapped: too short |	43.94%
                Number of reads unmapped: other |	7267
                     % of reads unmapped: other |	0.02%
                                  CHIMERIC READS:
                       Number of chimeric reads |	0
                            % of chimeric reads |	0.00%
