                                 Started job on |	Aug 29 17:34:16
                             Started mapping on |	Aug 29 17:34:58
                                    Finished on |	Aug 29 17:35:14
       Mapping speed, Million of reads per hour |	275.73

                          Number of input reads |	1225463
                      Average input read length |	87
                                    UNIQUE READS:
                   Uniquely mapped reads number |	740747
                        Uniquely mapped reads % |	60.45%
                          Average mapped length |	85.91
                       Number of splices: Total |	41744
            Number of splices: Annotated (sjdb) |	37115
                       Number of splices: GT/AG |	41145
                       Number of splices: GC/AG |	534
                       Number of splices: AT/AC |	42
               Number of splices: Non-canonical |	23
                      Mismatch rate per base, % |	2.52%
                         Deletion rate per base |	0.15%
                        Deletion average length |	2.48
                        Insertion rate per base |	0.11%
                       Insertion average length |	2.06
                             MULTI-MAPPING READS:
        Number of reads mapped to multiple loci |	248965
             % of reads mapped to multiple loci |	20.32%
        Number of reads mapped to too many loci |	18508
             % of reads mapped to too many loci |	1.51%
                                  UNMAPPED READS:
       % of reads unmapped: too many mismatches |	0.00%
                 % of reads unmapped: too short |	17.00%
                     % of reads unmapped: other |	0.73%
                                  CHIMERIC READS:
                       Number of chimeric reads |	0
                            % of chimeric reads |	0.00%
