                                 Started job on |	Jun 21 13:46:48
                             Started mapping on |	Jun 21 13:47:21
                                    Finished on |	Jun 21 13:48:21
       Mapping speed, Million of reads per hour |	190.57

                          Number of input reads |	3176144
                      Average input read length |	87
                                    UNIQUE READS:
                   Uniquely mapped reads number |	1883208
                        Uniquely mapped reads % |	59.29%
                          Average mapped length |	86.23
                       Number of splices: Total |	71502
            Number of splices: Annotated (sjdb) |	0
                       Number of splices: GT/AG |	70783
                       Number of splices: GC/AG |	647
                       Number of splices: AT/AC |	72
               Number of splices: Non-canonical |	0
                      Mismatch rate per base, % |	2.42%
                         Deletion rate per base |	0.16%
                        Deletion average length |	2.58
                        Insertion rate per base |	0.11%
                       Insertion average length |	2.00
                             MULTI-MAPPING READS:
        Number of reads mapped to multiple loci |	675189
             % of reads mapped to multiple loci |	21.26%
        Number of reads mapped to too many loci |	60796
             % of reads mapped to too many loci |	1.91%
                                  UNMAPPED READS:
  Number of reads unmapped: too many mismatches |	0
       % of reads unmapped: too many mismatches |	0.00%
            Number of reads unmapped: too short |	536203
                 % of reads unmapped: too short |	16.88%
                Number of reads unmapped: other |	20748
                     % of reads unmapped: other |	0.65%
                                  CHIMERIC READS:
                       Number of chimeric reads |	0
                            % of chimeric reads |	0.00%
