                                 Started job on |	Aug 29 20:46:06
                             Started mapping on |	Aug 29 20:46:45
                                    Finished on |	Aug 29 20:54:08
       Mapping speed, Million of reads per hour |	231.80

                          Number of input reads |	28524364
                      Average input read length |	241
                                    UNIQUE READS:
                   Uniquely mapped reads number |	12757287
                        Uniquely mapped reads % |	44.72%
                          Average mapped length |	226.95
                       Number of splices: Total |	9140560
            Number of splices: Annotated (sjdb) |	8530883
                       Number of splices: GT/AG |	9023502
                       Number of splices: GC/AG |	105480
                       Number of splices: AT/AC |	6576
               Number of splices: Non-canonical |	5002
                      Mismatch rate per base, % |	1.52%
                         Deletion rate per base |	0.07%
                        Deletion average length |	2.99
                        Insertion rate per base |	0.05%
                       Insertion average length |	2.92
                             MULTI-MAPPING READS:
        Number of reads mapped to multiple loci |	1481817
             % of reads mapped to multiple loci |	5.19%
        Number of reads mapped to too many loci |	46252
             % of reads mapped to too many loci |	0.16%
                                  UNMAPPED READS:
       % of reads unmapped: too many mismatches |	0.00%
                 % of reads unmapped: too short |	49.91%
                     % of reads unmapped: other |	0.01%
                                  CHIMERIC READS:
                       Number of chimeric reads |	0
                            % of chimeric reads |	0.00%
